2025-01-28 14:02:50 URL:http://kali.download/kali/dists/kali-rolling/InRelease [41471/41471] -> "/home/ubuntu/Development/Cloned/Anlinux-Resources/Scripts/Bootstrap/Kali/arm64/var/lib/apt/lists/partial/http.kali.org_kali_dists_kali-rolling_InRelease" [1]
gpgv: Signature made Tue Jan 28 08:08:54 2025 +08
gpgv:                using RSA key 44C6513A8E4FB3D30875F758ED444FF07D8D0BF6
gpgv: Good signature from "Kali Linux Repository <devel@kali.org>"
2025-01-28 14:02:56 URL:http://kali.download/kali/dists/kali-rolling/main/binary-arm64/Packages.gz [20124480/20124480] -> "/home/ubuntu/Development/Cloned/Anlinux-Resources/Scripts/Bootstrap/Kali/arm64/var/lib/apt/lists/partial/http.kali.org_kali_dists_kali-rolling_main_binary-arm64_Packages.gz" [1]
2025-01-28 14:03:08 URL:http://kali.download/kali/pool/main/a/adduser/adduser_3.137_all.deb [139720/139720] -> "/home/ubuntu/Development/Cloned/Anlinux-Resources/Scripts/Bootstrap/Kali/arm64//var/cache/apt/archives/partial/adduser_3.137_all.deb" [1]
2025-01-28 14:03:10 URL:http://kali.download/kali/pool/main/a/apt/apt_2.9.23_arm64.deb [1299336/1299336] -> "/home/ubuntu/Development/Cloned/Anlinux-Resources/Scripts/Bootstrap/Kali/arm64//var/cache/apt/archives/partial/apt_2.9.23_arm64.deb" [1]
2025-01-28 14:03:10 URL:http://mirror.aktkn.sg/kali/pool/main/b/base-files/base-files_2024.4.1_arm64.deb [76688/76688] -> "/home/ubuntu/Development/Cloned/Anlinux-Resources/Scripts/Bootstrap/Kali/arm64//var/cache/apt/archives/partial/base-files_1%3a2024.4.1_arm64.deb" [1]
2025-01-28 14:03:11 URL:http://kali.download/kali/pool/main/b/base-passwd/base-passwd_3.6.6_arm64.deb [52864/52864] -> "/home/ubuntu/Development/Cloned/Anlinux-Resources/Scripts/Bootstrap/Kali/arm64//var/cache/apt/archives/partial/base-passwd_3.6.6_arm64.deb" [1]
2025-01-28 14:03:13 URL:http://kali.download/kali/pool/main/b/bash/bash_5.2.37-1_arm64.deb [1455584/1455584] -> "/home/ubuntu/Development/Cloned/Anlinux-Resources/Scripts/Bootstrap/Kali/arm64//var/cache/apt/archives/partial/bash_5.2.37-1_arm64.deb" [1]
2025-01-28 14:03:14 URL:http://kali.download/kali/pool/main/u/util-linux/bsdutils_2.40.4-1_arm64.deb [104656/104656] -> "/home/ubuntu/Development/Cloned/Anlinux-Resources/Scripts/Bootstrap/Kali/arm64//var/cache/apt/archives/partial/bsdutils_1%3a2.40.4-1_arm64.deb" [1]
2025-01-28 14:03:15 URL:http://kali.download/kali/pool/main/b/busybox/busybox-static_1.37.0-4_arm64.deb [846328/846328] -> "/home/ubuntu/Development/Cloned/Anlinux-Resources/Scripts/Bootstrap/Kali/arm64//var/cache/apt/archives/partial/busybox-static_1%3a1.37.0-4_arm64.deb" [1]
2025-01-28 14:03:16 URL:http://kali.download/kali/pool/main/c/ca-certificates/ca-certificates_20241223_all.deb [163556/163556] -> "/home/ubuntu/Development/Cloned/Anlinux-Resources/Scripts/Bootstrap/Kali/arm64//var/cache/apt/archives/partial/ca-certificates_20241223_all.deb" [1]
2025-01-28 14:03:19 URL:http://kali.download/kali/pool/main/c/coreutils/coreutils_9.5-1+b1_arm64.deb [2858072/2858072] -> "/home/ubuntu/Development/Cloned/Anlinux-Resources/Scripts/Bootstrap/Kali/arm64//var/cache/apt/archives/partial/coreutils_9.5-1+b1_arm64.deb" [1]
2025-01-28 14:03:20 URL:http://kali.download/kali/pool/main/d/dash/dash_0.5.12-11_arm64.deb [92788/92788] -> "/home/ubuntu/Development/Cloned/Anlinux-Resources/Scripts/Bootstrap/Kali/arm64//var/cache/apt/archives/partial/dash_0.5.12-11_arm64.deb" [1]
2025-01-28 14:03:21 URL:http://kali.download/kali/pool/main/d/debconf/debconf_1.5.89_all.deb [119808/119808] -> "/home/ubuntu/Development/Cloned/Anlinux-Resources/Scripts/Bootstrap/Kali/arm64//var/cache/apt/archives/partial/debconf_1.5.89_all.deb" [1]
2025-01-28 14:03:21 URL:http://kali.download/kali/pool/main/d/debian-archive-keyring/debian-archive-keyring_2023.4_all.deb [160732/160732] -> "/home/ubuntu/Development/Cloned/Anlinux-Resources/Scripts/Bootstrap/Kali/arm64//var/cache/apt/archives/partial/debian-archive-keyring_2023.4_all.deb" [1]
2025-01-28 14:03:23 URL:http://kali.download/kali/pool/main/d/debianutils/debianutils_5.21_arm64.deb [92120/92120] -> "/home/ubuntu/Development/Cloned/Anlinux-Resources/Scripts/Bootstrap/Kali/arm64//var/cache/apt/archives/partial/debianutils_5.21_arm64.deb" [1]
2025-01-28 14:03:24 URL:http://kali.download/kali/pool/main/d/diffutils/diffutils_3.10-2_arm64.deb [377744/377744] -> "/home/ubuntu/Development/Cloned/Anlinux-Resources/Scripts/Bootstrap/Kali/arm64//var/cache/apt/archives/partial/diffutils_1%3a3.10-2_arm64.deb" [1]
2025-01-28 14:03:24 URL:http://kali.download/kali/pool/main/g/gnupg2/dirmngr_2.2.46-1+b1_arm64.deb [343852/343852] -> "/home/ubuntu/Development/Cloned/Anlinux-Resources/Scripts/Bootstrap/Kali/arm64//var/cache/apt/archives/partial/dirmngr_2.2.46-1+b1_arm64.deb" [1]
2025-01-28 14:03:26 URL:http://kali.download/kali/pool/main/d/dpkg/dpkg_1.22.11+kali2_arm64.deb [1515968/1515968] -> "/home/ubuntu/Development/Cloned/Anlinux-Resources/Scripts/Bootstrap/Kali/arm64//var/cache/apt/archives/partial/dpkg_1.22.11+kali2_arm64.deb" [1]
2025-01-28 14:03:27 URL:http://kali.download/kali/pool/main/e/e2fsprogs/e2fsprogs_1.47.2-1_arm64.deb [562868/562868] -> "/home/ubuntu/Development/Cloned/Anlinux-Resources/Scripts/Bootstrap/Kali/arm64//var/cache/apt/archives/partial/e2fsprogs_1.47.2-1_arm64.deb" [1]
2025-01-28 14:03:29 URL:http://kali.download/kali/pool/main/f/findutils/findutils_4.10.0-3_arm64.deb [695700/695700] -> "/home/ubuntu/Development/Cloned/Anlinux-Resources/Scripts/Bootstrap/Kali/arm64//var/cache/apt/archives/partial/findutils_4.10.0-3_arm64.deb" [1]
2025-01-28 14:03:29 URL:http://kali.download/kali/pool/main/g/gcc-14/gcc-14-base_14.2.0-12_arm64.deb [48272/48272] -> "/home/ubuntu/Development/Cloned/Anlinux-Resources/Scripts/Bootstrap/Kali/arm64//var/cache/apt/archives/partial/gcc-14-base_14.2.0-12_arm64.deb" [1]
2025-01-28 14:03:30 URL:http://kali.download/kali/pool/main/g/gnupg2/gnupg_2.2.46-1_all.deb [376284/376284] -> "/home/ubuntu/Development/Cloned/Anlinux-Resources/Scripts/Bootstrap/Kali/arm64//var/cache/apt/archives/partial/gnupg_2.2.46-1_all.deb" [1]
2025-01-28 14:03:31 URL:http://mirror.aktkn.sg/kali/pool/main/g/gnupg2/gnupg-l10n_2.2.46-1_all.deb [702064/702064] -> "/home/ubuntu/Development/Cloned/Anlinux-Resources/Scripts/Bootstrap/Kali/arm64//var/cache/apt/archives/partial/gnupg-l10n_2.2.46-1_all.deb" [1]
2025-01-28 14:03:32 URL:http://kali.download/kali/pool/main/g/gnupg2/gpg_2.2.46-1+b1_arm64.deb [481408/481408] -> "/home/ubuntu/Development/Cloned/Anlinux-Resources/Scripts/Bootstrap/Kali/arm64//var/cache/apt/archives/partial/gpg_2.2.46-1+b1_arm64.deb" [1]
2025-01-28 14:03:33 URL:http://kali.download/kali/pool/main/g/gnupg2/gpg-agent_2.2.46-1+b1_arm64.deb [230660/230660] -> "/home/ubuntu/Development/Cloned/Anlinux-Resources/Scripts/Bootstrap/Kali/arm64//var/cache/apt/archives/partial/gpg-agent_2.2.46-1+b1_arm64.deb" [1]
2025-01-28 14:03:34 URL:http://kali.download/kali/pool/main/g/gnupg2/gpgconf_2.2.46-1+b1_arm64.deb [114820/114820] -> "/home/ubuntu/Development/Cloned/Anlinux-Resources/Scripts/Bootstrap/Kali/arm64//var/cache/apt/archives/partial/gpgconf_2.2.46-1+b1_arm64.deb" [1]
2025-01-28 14:03:37 URL:http://kali.download/kali/pool/main/g/gnupg2/gpgsm_2.2.46-1+b1_arm64.deb [232248/232248] -> "/home/ubuntu/Development/Cloned/Anlinux-Resources/Scripts/Bootstrap/Kali/arm64//var/cache/apt/archives/partial/gpgsm_2.2.46-1+b1_arm64.deb" [1]
2025-01-28 14:03:38 URL:http://kali.download/kali/pool/main/g/grep/grep_3.11-4+b1_arm64.deb [426128/426128] -> "/home/ubuntu/Development/Cloned/Anlinux-Resources/Scripts/Bootstrap/Kali/arm64//var/cache/apt/archives/partial/grep_3.11-4+b1_arm64.deb" [1]
2025-01-28 14:03:39 URL:http://kali.download/kali/pool/main/g/gzip/gzip_1.13-1_arm64.deb [135008/135008] -> "/home/ubuntu/Development/Cloned/Anlinux-Resources/Scripts/Bootstrap/Kali/arm64//var/cache/apt/archives/partial/gzip_1.13-1_arm64.deb" [1]
2025-01-28 14:03:40 URL:http://kali.download/kali/pool/main/h/hostname/hostname_3.25_arm64.deb [10808/10808] -> "/home/ubuntu/Development/Cloned/Anlinux-Resources/Scripts/Bootstrap/Kali/arm64//var/cache/apt/archives/partial/hostname_3.25_arm64.deb" [1]
2025-01-28 14:03:41 URL:http://kali.download/kali/pool/main/i/init-system-helpers/init-system-helpers_1.68+kali2_all.deb [40648/40648] -> "/home/ubuntu/Development/Cloned/Anlinux-Resources/Scripts/Bootstrap/Kali/arm64//var/cache/apt/archives/partial/init-system-helpers_1.68+kali2_all.deb" [1]
2025-01-28 14:03:41 URL:http://kali.download/kali/pool/main/a/acl/libacl1_2.3.2-2+b1_arm64.deb [32216/32216] -> "/home/ubuntu/Development/Cloned/Anlinux-Resources/Scripts/Bootstrap/Kali/arm64//var/cache/apt/archives/partial/libacl1_2.3.2-2+b1_arm64.deb" [1]
2025-01-28 14:03:42 URL:http://kali.download/kali/pool/main/a/apparmor/libapparmor1_3.1.7-1+b3_arm64.deb [41756/41756] -> "/home/ubuntu/Development/Cloned/Anlinux-Resources/Scripts/Bootstrap/Kali/arm64//var/cache/apt/archives/partial/libapparmor1_3.1.7-1+b3_arm64.deb" [1]
2025-01-28 14:03:43 URL:http://kali.download/kali/pool/main/a/apt/libapt-pkg6.0t64_2.9.23_arm64.deb [977620/977620] -> "/home/ubuntu/Development/Cloned/Anlinux-Resources/Scripts/Bootstrap/Kali/arm64//var/cache/apt/archives/partial/libapt-pkg6.0t64_2.9.23_arm64.deb" [1]
2025-01-28 14:03:44 URL:http://kali.download/kali/pool/main/liba/libassuan/libassuan9_3.0.1-2_arm64.deb [58052/58052] -> "/home/ubuntu/Development/Cloned/Anlinux-Resources/Scripts/Bootstrap/Kali/arm64//var/cache/apt/archives/partial/libassuan9_3.0.1-2_arm64.deb" [1]
2025-01-28 14:03:45 URL:http://kali.download/kali/pool/main/a/attr/libattr1_2.5.2-2_arm64.deb [22536/22536] -> "/home/ubuntu/Development/Cloned/Anlinux-Resources/Scripts/Bootstrap/Kali/arm64//var/cache/apt/archives/partial/libattr1_1%3a2.5.2-2_arm64.deb" [1]
2025-01-28 14:03:46 URL:http://kali.download/kali/pool/main/a/audit/libaudit-common_4.0.2-2_all.deb [12692/12692] -> "/home/ubuntu/Development/Cloned/Anlinux-Resources/Scripts/Bootstrap/Kali/arm64//var/cache/apt/archives/partial/libaudit-common_1%3a4.0.2-2_all.deb" [1]
2025-01-28 14:03:46 URL:http://kali.download/kali/pool/main/a/audit/libaudit1_4.0.2-2+b1_arm64.deb [54580/54580] -> "/home/ubuntu/Development/Cloned/Anlinux-Resources/Scripts/Bootstrap/Kali/arm64//var/cache/apt/archives/partial/libaudit1_1%3a4.0.2-2+b1_arm64.deb" [1]
2025-01-28 14:03:47 URL:http://kali.download/kali/pool/main/u/util-linux/libblkid1_2.40.4-1_arm64.deb [163268/163268] -> "/home/ubuntu/Development/Cloned/Anlinux-Resources/Scripts/Bootstrap/Kali/arm64//var/cache/apt/archives/partial/libblkid1_2.40.4-1_arm64.deb" [1]
2025-01-28 14:03:48 URL:http://kali.download/kali/pool/main/libb/libbsd/libbsd0_0.12.2-2_arm64.deb [128944/128944] -> "/home/ubuntu/Development/Cloned/Anlinux-Resources/Scripts/Bootstrap/Kali/arm64//var/cache/apt/archives/partial/libbsd0_0.12.2-2_arm64.deb" [1]
2025-01-28 14:03:48 URL:http://kali.download/kali/pool/main/b/bzip2/libbz2-1.0_1.0.8-6_arm64.deb [37772/37772] -> "/home/ubuntu/Development/Cloned/Anlinux-Resources/Scripts/Bootstrap/Kali/arm64//var/cache/apt/archives/partial/libbz2-1.0_1.0.8-6_arm64.deb" [1]
2025-01-28 14:03:49 URL:http://kali.download/kali/pool/main/g/glibc/libc-bin_2.40-3_arm64.deb [540476/540476] -> "/home/ubuntu/Development/Cloned/Anlinux-Resources/Scripts/Bootstrap/Kali/arm64//var/cache/apt/archives/partial/libc-bin_2.40-3_arm64.deb" [1]
2025-01-28 14:03:51 URL:http://kali.download/kali/pool/main/g/glibc/libc6_2.40-3_arm64.deb [2452720/2452720] -> "/home/ubuntu/Development/Cloned/Anlinux-Resources/Scripts/Bootstrap/Kali/arm64//var/cache/apt/archives/partial/libc6_2.40-3_arm64.deb" [1]
2025-01-28 14:03:51 URL:http://kali.download/kali/pool/main/libc/libcap-ng/libcap-ng0_0.8.5-4_arm64.deb [16704/16704] -> "/home/ubuntu/Development/Cloned/Anlinux-Resources/Scripts/Bootstrap/Kali/arm64//var/cache/apt/archives/partial/libcap-ng0_0.8.5-4_arm64.deb" [1]
2025-01-28 14:03:52 URL:http://mirror.aktkn.sg/kali/pool/main/libc/libcap2/libcap2_2.66-5+b1_arm64.deb [27172/27172] -> "/home/ubuntu/Development/Cloned/Anlinux-Resources/Scripts/Bootstrap/Kali/arm64//var/cache/apt/archives/partial/libcap2_1%3a2.66-5+b1_arm64.deb" [1]
2025-01-28 14:03:53 URL:http://kali.download/kali/pool/main/e/e2fsprogs/libcom-err2_1.47.2-1_arm64.deb [23944/23944] -> "/home/ubuntu/Development/Cloned/Anlinux-Resources/Scripts/Bootstrap/Kali/arm64//var/cache/apt/archives/partial/libcom-err2_1.47.2-1_arm64.deb" [1]
2025-01-28 14:03:53 URL:http://kali.download/kali/pool/main/libx/libxcrypt/libcrypt1_4.4.38-1_arm64.deb [91760/91760] -> "/home/ubuntu/Development/Cloned/Anlinux-Resources/Scripts/Bootstrap/Kali/arm64//var/cache/apt/archives/partial/libcrypt1_1%3a4.4.38-1_arm64.deb" [1]
2025-01-28 14:03:54 URL:http://kali.download/kali/pool/main/d/db5.3/libdb5.3t64_5.3.28+dfsg2-9_arm64.deb [629132/629132] -> "/home/ubuntu/Development/Cloned/Anlinux-Resources/Scripts/Bootstrap/Kali/arm64//var/cache/apt/archives/partial/libdb5.3t64_5.3.28+dfsg2-9_arm64.deb" [1]
2025-01-28 14:03:55 URL:http://kali.download/kali/pool/main/c/cdebconf/libdebconfclient0_0.277_arm64.deb [10524/10524] -> "/home/ubuntu/Development/Cloned/Anlinux-Resources/Scripts/Bootstrap/Kali/arm64//var/cache/apt/archives/partial/libdebconfclient0_0.277_arm64.deb" [1]
2025-01-28 14:03:56 URL:http://kali.download/kali/pool/main/e/e2fsprogs/libext2fs2t64_1.47.2-1_arm64.deb [204324/204324] -> "/home/ubuntu/Development/Cloned/Anlinux-Resources/Scripts/Bootstrap/Kali/arm64//var/cache/apt/archives/partial/libext2fs2t64_1.47.2-1_arm64.deb" [1]
2025-01-28 14:03:56 URL:http://kali.download/kali/pool/main/libf/libffi/libffi8_3.4.6-1_arm64.deb [20940/20940] -> "/home/ubuntu/Development/Cloned/Anlinux-Resources/Scripts/Bootstrap/Kali/arm64//var/cache/apt/archives/partial/libffi8_3.4.6-1_arm64.deb" [1]
2025-01-28 14:03:57 URL:http://mirror.aktkn.sg/kali/pool/main/g/gcc-14/libgcc-s1_14.2.0-12_arm64.deb [54104/54104] -> "/home/ubuntu/Development/Cloned/Anlinux-Resources/Scripts/Bootstrap/Kali/arm64//var/cache/apt/archives/partial/libgcc-s1_14.2.0-12_arm64.deb" [1]
2025-01-28 14:03:58 URL:http://kali.download/kali/pool/main/libg/libgcrypt20/libgcrypt20_1.11.0-7_arm64.deb [741508/741508] -> "/home/ubuntu/Development/Cloned/Anlinux-Resources/Scripts/Bootstrap/Kali/arm64//var/cache/apt/archives/partial/libgcrypt20_1.11.0-7_arm64.deb" [1]
2025-01-28 14:03:59 URL:http://kali.download/kali/pool/main/g/gmp/libgmp10_6.3.0+dfsg-3_arm64.deb [535088/535088] -> "/home/ubuntu/Development/Cloned/Anlinux-Resources/Scripts/Bootstrap/Kali/arm64//var/cache/apt/archives/partial/libgmp10_2%3a6.3.0+dfsg-3_arm64.deb" [1]
2025-01-28 14:04:00 URL:http://kali.download/kali/pool/main/g/gnutls28/libgnutls30t64_3.8.8-2_arm64.deb [1362532/1362532] -> "/home/ubuntu/Development/Cloned/Anlinux-Resources/Scripts/Bootstrap/Kali/arm64//var/cache/apt/archives/partial/libgnutls30t64_3.8.8-2_arm64.deb" [1]
2025-01-28 14:04:01 URL:http://kali.download/kali/pool/main/libg/libgpg-error/libgpg-error0_1.51-3_arm64.deb [78504/78504] -> "/home/ubuntu/Development/Cloned/Anlinux-Resources/Scripts/Bootstrap/Kali/arm64//var/cache/apt/archives/partial/libgpg-error0_1.51-3_arm64.deb" [1]
2025-01-28 14:04:02 URL:http://kali.download/kali/pool/main/n/nettle/libhogweed6t64_3.10-1+b1_arm64.deb [331128/331128] -> "/home/ubuntu/Development/Cloned/Anlinux-Resources/Scripts/Bootstrap/Kali/arm64//var/cache/apt/archives/partial/libhogweed6t64_3.10-1+b1_arm64.deb" [1]
2025-01-28 14:04:02 URL:http://mirror.aktkn.sg/kali/pool/main/libi/libidn2/libidn2-0_2.3.7-2+b1_arm64.deb [126732/126732] -> "/home/ubuntu/Development/Cloned/Anlinux-Resources/Scripts/Bootstrap/Kali/arm64//var/cache/apt/archives/partial/libidn2-0_2.3.7-2+b1_arm64.deb" [1]
2025-01-28 14:04:03 URL:http://mirror.aktkn.sg/kali/pool/main/libk/libksba/libksba8_1.6.7-2+b1_arm64.deb [125004/125004] -> "/home/ubuntu/Development/Cloned/Anlinux-Resources/Scripts/Bootstrap/Kali/arm64//var/cache/apt/archives/partial/libksba8_1.6.7-2+b1_arm64.deb" [1]
2025-01-28 14:04:04 URL:http://kali.download/kali/pool/main/o/openldap/libldap2_2.6.9+dfsg-1_arm64.deb [178776/178776] -> "/home/ubuntu/Development/Cloned/Anlinux-Resources/Scripts/Bootstrap/Kali/arm64//var/cache/apt/archives/partial/libldap2_2.6.9+dfsg-1_arm64.deb" [1]
2025-01-28 14:04:04 URL:http://kali.download/kali/pool/main/l/lz4/liblz4-1_1.9.4-4_arm64.deb [55272/55272] -> "/home/ubuntu/Development/Cloned/Anlinux-Resources/Scripts/Bootstrap/Kali/arm64//var/cache/apt/archives/partial/liblz4-1_1.9.4-4_arm64.deb" [1]
2025-01-28 14:04:05 URL:http://kali.download/kali/pool/main/x/xz-utils/liblzma5_5.6.3-1+b1_arm64.deb [266024/266024] -> "/home/ubuntu/Development/Cloned/Anlinux-Resources/Scripts/Bootstrap/Kali/arm64//var/cache/apt/archives/partial/liblzma5_5.6.3-1+b1_arm64.deb" [1]
2025-01-28 14:04:06 URL:http://kali.download/kali/pool/main/libm/libmd/libmd0_1.1.0-2+b1_arm64.deb [33664/33664] -> "/home/ubuntu/Development/Cloned/Anlinux-Resources/Scripts/Bootstrap/Kali/arm64//var/cache/apt/archives/partial/libmd0_1.1.0-2+b1_arm64.deb" [1]
2025-01-28 14:04:07 URL:http://kali.download/kali/pool/main/u/util-linux/libmount1_2.40.4-1_arm64.deb [190804/190804] -> "/home/ubuntu/Development/Cloned/Anlinux-Resources/Scripts/Bootstrap/Kali/arm64//var/cache/apt/archives/partial/libmount1_2.40.4-1_arm64.deb" [1]
2025-01-28 14:04:08 URL:http://kali.download/kali/pool/main/n/ncurses/libncursesw6_6.5-2+b1_arm64.deb [124544/124544] -> "/home/ubuntu/Development/Cloned/Anlinux-Resources/Scripts/Bootstrap/Kali/arm64//var/cache/apt/archives/partial/libncursesw6_6.5-2+b1_arm64.deb" [1]
2025-01-28 14:04:08 URL:http://kali.download/kali/pool/main/n/nettle/libnettle8t64_3.10-1+b1_arm64.deb [309316/309316] -> "/home/ubuntu/Development/Cloned/Anlinux-Resources/Scripts/Bootstrap/Kali/arm64//var/cache/apt/archives/partial/libnettle8t64_3.10-1+b1_arm64.deb" [1]
2025-01-28 14:04:10 URL:http://kali.download/kali/pool/main/n/npth/libnpth0t64_1.8-2_arm64.deb [22836/22836] -> "/home/ubuntu/Development/Cloned/Anlinux-Resources/Scripts/Bootstrap/Kali/arm64//var/cache/apt/archives/partial/libnpth0t64_1.8-2_arm64.deb" [1]
2025-01-28 14:04:11 URL:http://kali.download/kali/pool/main/p/p11-kit/libp11-kit0_0.25.5-3_arm64.deb [409108/409108] -> "/home/ubuntu/Development/Cloned/Anlinux-Resources/Scripts/Bootstrap/Kali/arm64//var/cache/apt/archives/partial/libp11-kit0_0.25.5-3_arm64.deb" [1]
2025-01-28 14:04:12 URL:http://kali.download/kali/pool/main/p/pam/libpam-modules_1.5.3-7+b1_arm64.deb [261132/261132] -> "/home/ubuntu/Development/Cloned/Anlinux-Resources/Scripts/Bootstrap/Kali/arm64//var/cache/apt/archives/partial/libpam-modules_1.5.3-7+b1_arm64.deb" [1]
2025-01-28 14:04:13 URL:http://kali.download/kali/pool/main/p/pam/libpam-modules-bin_1.5.3-7+b1_arm64.deb [53824/53824] -> "/home/ubuntu/Development/Cloned/Anlinux-Resources/Scripts/Bootstrap/Kali/arm64//var/cache/apt/archives/partial/libpam-modules-bin_1.5.3-7+b1_arm64.deb" [1]
2025-01-28 14:04:13 URL:http://kali.download/kali/pool/main/p/pam/libpam-runtime_1.5.3-7_all.deb [140108/140108] -> "/home/ubuntu/Development/Cloned/Anlinux-Resources/Scripts/Bootstrap/Kali/arm64//var/cache/apt/archives/partial/libpam-runtime_1.5.3-7_all.deb" [1]
2025-01-28 14:04:14 URL:http://kali.download/kali/pool/main/p/pam/libpam0g_1.5.3-7+b1_arm64.deb [67036/67036] -> "/home/ubuntu/Development/Cloned/Anlinux-Resources/Scripts/Bootstrap/Kali/arm64//var/cache/apt/archives/partial/libpam0g_1.5.3-7+b1_arm64.deb" [1]
2025-01-28 14:04:15 URL:http://kali.download/kali/pool/main/p/pcre2/libpcre2-8-0_10.44-5_arm64.deb [242400/242400] -> "/home/ubuntu/Development/Cloned/Anlinux-Resources/Scripts/Bootstrap/Kali/arm64//var/cache/apt/archives/partial/libpcre2-8-0_10.44-5_arm64.deb" [1]
2025-01-28 14:04:16 URL:http://kali.download/kali/pool/main/libp/libpsl/libpsl5t64_0.21.2-1.1+b1_arm64.deb [57076/57076] -> "/home/ubuntu/Development/Cloned/Anlinux-Resources/Scripts/Bootstrap/Kali/arm64//var/cache/apt/archives/partial/libpsl5t64_0.21.2-1.1+b1_arm64.deb" [1]
2025-01-28 14:04:17 URL:http://kali.download/kali/pool/main/r/readline/libreadline8t64_8.2-6_arm64.deb [159264/159264] -> "/home/ubuntu/Development/Cloned/Anlinux-Resources/Scripts/Bootstrap/Kali/arm64//var/cache/apt/archives/partial/libreadline8t64_8.2-6_arm64.deb" [1]
2025-01-28 14:04:18 URL:http://kali.download/kali/pool/main/c/cyrus-sasl2/libsasl2-2_2.1.28+dfsg1-8+b1_arm64.deb [55748/55748] -> "/home/ubuntu/Development/Cloned/Anlinux-Resources/Scripts/Bootstrap/Kali/arm64//var/cache/apt/archives/partial/libsasl2-2_2.1.28+dfsg1-8+b1_arm64.deb" [1]
2025-01-28 14:04:18 URL:http://kali.download/kali/pool/main/c/cyrus-sasl2/libsasl2-modules-db_2.1.28+dfsg1-8+b1_arm64.deb [20308/20308] -> "/home/ubuntu/Development/Cloned/Anlinux-Resources/Scripts/Bootstrap/Kali/arm64//var/cache/apt/archives/partial/libsasl2-modules-db_2.1.28+dfsg1-8+b1_arm64.deb" [1]
2025-01-28 14:04:19 URL:http://kali.download/kali/pool/main/libs/libseccomp/libseccomp2_2.5.5-2_arm64.deb [46976/46976] -> "/home/ubuntu/Development/Cloned/Anlinux-Resources/Scripts/Bootstrap/Kali/arm64//var/cache/apt/archives/partial/libseccomp2_2.5.5-2_arm64.deb" [1]
2025-01-28 14:04:20 URL:http://mirror.aktkn.sg/kali/pool/main/libs/libselinux/libselinux1_3.7-3+b1_arm64.deb [72096/72096] -> "/home/ubuntu/Development/Cloned/Anlinux-Resources/Scripts/Bootstrap/Kali/arm64//var/cache/apt/archives/partial/libselinux1_3.7-3+b1_arm64.deb" [1]
2025-01-28 14:04:20 URL:http://kali.download/kali/pool/main/libs/libsemanage/libsemanage-common_3.7-2_all.deb [7108/7108] -> "/home/ubuntu/Development/Cloned/Anlinux-Resources/Scripts/Bootstrap/Kali/arm64//var/cache/apt/archives/partial/libsemanage-common_3.7-2_all.deb" [1]
2025-01-28 14:04:21 URL:http://kali.download/kali/pool/main/libs/libsemanage/libsemanage2_3.7-2+b1_arm64.deb [84476/84476] -> "/home/ubuntu/Development/Cloned/Anlinux-Resources/Scripts/Bootstrap/Kali/arm64//var/cache/apt/archives/partial/libsemanage2_3.7-2+b1_arm64.deb" [1]
2025-01-28 14:04:22 URL:http://kali.download/kali/pool/main/libs/libsepol/libsepol2_3.7-1_arm64.deb [264432/264432] -> "/home/ubuntu/Development/Cloned/Anlinux-Resources/Scripts/Bootstrap/Kali/arm64//var/cache/apt/archives/partial/libsepol2_3.7-1_arm64.deb" [1]
2025-01-28 14:04:22 URL:http://kali.download/kali/pool/main/u/util-linux/libsmartcols1_2.40.4-1_arm64.deb [135796/135796] -> "/home/ubuntu/Development/Cloned/Anlinux-Resources/Scripts/Bootstrap/Kali/arm64//var/cache/apt/archives/partial/libsmartcols1_2.40.4-1_arm64.deb" [1]
2025-01-28 14:04:23 URL:http://kali.download/kali/pool/main/s/sqlite3/libsqlite3-0_3.46.1-1_arm64.deb [852096/852096] -> "/home/ubuntu/Development/Cloned/Anlinux-Resources/Scripts/Bootstrap/Kali/arm64//var/cache/apt/archives/partial/libsqlite3-0_3.46.1-1_arm64.deb" [1]
2025-01-28 14:04:24 URL:http://kali.download/kali/pool/main/e/e2fsprogs/libss2_1.47.2-1_arm64.deb [28424/28424] -> "/home/ubuntu/Development/Cloned/Anlinux-Resources/Scripts/Bootstrap/Kali/arm64//var/cache/apt/archives/partial/libss2_1.47.2-1_arm64.deb" [1]
2025-01-28 14:04:27 URL:http://kali.download/kali/pool/main/o/openssl/libssl3t64_3.4.0-2_arm64.deb [2634928/2634928] -> "/home/ubuntu/Development/Cloned/Anlinux-Resources/Scripts/Bootstrap/Kali/arm64//var/cache/apt/archives/partial/libssl3t64_3.4.0-2_arm64.deb" [1]
2025-01-28 14:04:28 URL:http://kali.download/kali/pool/main/g/gcc-14/libstdc++6_14.2.0-12_arm64.deb [637016/637016] -> "/home/ubuntu/Development/Cloned/Anlinux-Resources/Scripts/Bootstrap/Kali/arm64//var/cache/apt/archives/partial/libstdc++6_14.2.0-12_arm64.deb" [1]
2025-01-28 14:04:29 URL:http://kali.download/kali/pool/main/s/systemd/libsystemd-shared_257.2-1_arm64.deb [1908380/1908380] -> "/home/ubuntu/Development/Cloned/Anlinux-Resources/Scripts/Bootstrap/Kali/arm64//var/cache/apt/archives/partial/libsystemd-shared_257.2-1_arm64.deb" [1]
2025-01-28 14:04:30 URL:http://kali.download/kali/pool/main/s/systemd/libsystemd0_257.2-1_arm64.deb [416936/416936] -> "/home/ubuntu/Development/Cloned/Anlinux-Resources/Scripts/Bootstrap/Kali/arm64//var/cache/apt/archives/partial/libsystemd0_257.2-1_arm64.deb" [1]
2025-01-28 14:04:31 URL:http://mirror.aktkn.sg/kali/pool/main/libt/libtasn1-6/libtasn1-6_4.19.0-3+b3_arm64.deb [46904/46904] -> "/home/ubuntu/Development/Cloned/Anlinux-Resources/Scripts/Bootstrap/Kali/arm64//var/cache/apt/archives/partial/libtasn1-6_4.19.0-3+b3_arm64.deb" [1]
2025-01-28 14:04:32 URL:http://kali.download/kali/pool/main/n/ncurses/libtinfo6_6.5-2+b1_arm64.deb [337212/337212] -> "/home/ubuntu/Development/Cloned/Anlinux-Resources/Scripts/Bootstrap/Kali/arm64//var/cache/apt/archives/partial/libtinfo6_6.5-2+b1_arm64.deb" [1]
2025-01-28 14:04:33 URL:http://kali.download/kali/pool/main/s/systemd/libudev1_257.2-1_arm64.deb [139880/139880] -> "/home/ubuntu/Development/Cloned/Anlinux-Resources/Scripts/Bootstrap/Kali/arm64//var/cache/apt/archives/partial/libudev1_257.2-1_arm64.deb" [1]
2025-01-28 14:04:34 URL:http://mirror.aktkn.sg/kali/pool/main/libu/libunistring/libunistring5_1.3-1_arm64.deb [448516/448516] -> "/home/ubuntu/Development/Cloned/Anlinux-Resources/Scripts/Bootstrap/Kali/arm64//var/cache/apt/archives/partial/libunistring5_1.3-1_arm64.deb" [1]
2025-01-28 14:04:35 URL:http://mirror.aktkn.sg/kali/pool/main/u/util-linux/libuuid1_2.40.4-1_arm64.deb [36072/36072] -> "/home/ubuntu/Development/Cloned/Anlinux-Resources/Scripts/Bootstrap/Kali/arm64//var/cache/apt/archives/partial/libuuid1_2.40.4-1_arm64.deb" [1]
2025-01-28 14:04:35 URL:http://kali.download/kali/pool/main/x/xxhash/libxxhash0_0.8.2-2+b2_arm64.deb [22120/22120] -> "/home/ubuntu/Development/Cloned/Anlinux-Resources/Scripts/Bootstrap/Kali/arm64//var/cache/apt/archives/partial/libxxhash0_0.8.2-2+b2_arm64.deb" [1]
2025-01-28 14:04:36 URL:http://kali.download/kali/pool/main/libz/libzstd/libzstd1_1.5.6+dfsg-2_arm64.deb [260676/260676] -> "/home/ubuntu/Development/Cloned/Anlinux-Resources/Scripts/Bootstrap/Kali/arm64//var/cache/apt/archives/partial/libzstd1_1.5.6+dfsg-2_arm64.deb" [1]
2025-01-28 14:04:37 URL:http://kali.download/kali/pool/main/u/util-linux/login_4.16.0-2+really2.40.4-1_arm64.deb [86732/86732] -> "/home/ubuntu/Development/Cloned/Anlinux-Resources/Scripts/Bootstrap/Kali/arm64//var/cache/apt/archives/partial/login_1%3a4.16.0-2+really2.40.4-1_arm64.deb" [1]
2025-01-28 14:04:38 URL:http://mirror.aktkn.sg/kali/pool/main/s/shadow/login.defs_4.16.0-7_all.deb [184932/184932] -> "/home/ubuntu/Development/Cloned/Anlinux-Resources/Scripts/Bootstrap/Kali/arm64//var/cache/apt/archives/partial/login.defs_1%3a4.16.0-7_all.deb" [1]
2025-01-28 14:04:38 URL:http://kali.download/kali/pool/main/e/e2fsprogs/logsave_1.47.2-1_arm64.deb [23832/23832] -> "/home/ubuntu/Development/Cloned/Anlinux-Resources/Scripts/Bootstrap/Kali/arm64//var/cache/apt/archives/partial/logsave_1.47.2-1_arm64.deb" [1]
2025-01-28 14:04:39 URL:http://kali.download/kali/pool/main/m/mawk/mawk_1.3.4.20240905-1_arm64.deb [130764/130764] -> "/home/ubuntu/Development/Cloned/Anlinux-Resources/Scripts/Bootstrap/Kali/arm64//var/cache/apt/archives/partial/mawk_1.3.4.20240905-1_arm64.deb" [1]
2025-01-28 14:04:40 URL:http://kali.download/kali/pool/main/u/util-linux/mount_2.40.4-1_arm64.deb [153372/153372] -> "/home/ubuntu/Development/Cloned/Anlinux-Resources/Scripts/Bootstrap/Kali/arm64//var/cache/apt/archives/partial/mount_2.40.4-1_arm64.deb" [1]
2025-01-28 14:04:41 URL:http://kali.download/kali/pool/main/n/ncurses/ncurses-base_6.5-2_all.deb [269660/269660] -> "/home/ubuntu/Development/Cloned/Anlinux-Resources/Scripts/Bootstrap/Kali/arm64//var/cache/apt/archives/partial/ncurses-base_6.5-2_all.deb" [1]
2025-01-28 14:04:42 URL:http://kali.download/kali/pool/main/n/ncurses/ncurses-bin_6.5-2+b1_arm64.deb [428016/428016] -> "/home/ubuntu/Development/Cloned/Anlinux-Resources/Scripts/Bootstrap/Kali/arm64//var/cache/apt/archives/partial/ncurses-bin_6.5-2+b1_arm64.deb" [1]
2025-01-28 14:04:43 URL:http://kali.download/kali/pool/main/o/openssl/openssl_3.4.0-2_arm64.deb [1384832/1384832] -> "/home/ubuntu/Development/Cloned/Anlinux-Resources/Scripts/Bootstrap/Kali/arm64//var/cache/apt/archives/partial/openssl_3.4.0-2_arm64.deb" [1]
2025-01-28 14:04:43 URL:http://kali.download/kali/pool/main/o/openssl/openssl-provider-legacy_3.4.0-2_arm64.deb [299124/299124] -> "/home/ubuntu/Development/Cloned/Anlinux-Resources/Scripts/Bootstrap/Kali/arm64//var/cache/apt/archives/partial/openssl-provider-legacy_3.4.0-2_arm64.deb" [1]
2025-01-28 14:04:45 URL:http://kali.download/kali/pool/main/s/shadow/passwd_4.16.0-7_arm64.deb [1211608/1211608] -> "/home/ubuntu/Development/Cloned/Anlinux-Resources/Scripts/Bootstrap/Kali/arm64//var/cache/apt/archives/partial/passwd_1%3a4.16.0-7_arm64.deb" [1]
2025-01-28 14:04:46 URL:http://kali.download/kali/pool/main/p/perl/perl-base_5.40.0-8_arm64.deb [1535184/1535184] -> "/home/ubuntu/Development/Cloned/Anlinux-Resources/Scripts/Bootstrap/Kali/arm64//var/cache/apt/archives/partial/perl-base_5.40.0-8_arm64.deb" [1]
2025-01-28 14:04:47 URL:http://kali.download/kali/pool/main/p/pinentry/pinentry-curses_1.3.1-2_arm64.deb [83480/83480] -> "/home/ubuntu/Development/Cloned/Anlinux-Resources/Scripts/Bootstrap/Kali/arm64//var/cache/apt/archives/partial/pinentry-curses_1.3.1-2_arm64.deb" [1]
2025-01-28 14:04:47 URL:http://kali.download/kali/pool/main/r/readline/readline-common_8.2-6_all.deb [69360/69360] -> "/home/ubuntu/Development/Cloned/Anlinux-Resources/Scripts/Bootstrap/Kali/arm64//var/cache/apt/archives/partial/readline-common_8.2-6_all.deb" [1]
2025-01-28 14:04:48 URL:http://kali.download/kali/pool/main/s/sed/sed_4.9-2+b1_arm64.deb [325968/325968] -> "/home/ubuntu/Development/Cloned/Anlinux-Resources/Scripts/Bootstrap/Kali/arm64//var/cache/apt/archives/partial/sed_4.9-2+b1_arm64.deb" [1]
2025-01-28 14:04:49 URL:http://kali.download/kali/pool/main/r/rust-sequoia-sqv/sqv_1.2.1-5_arm64.deb [566420/566420] -> "/home/ubuntu/Development/Cloned/Anlinux-Resources/Scripts/Bootstrap/Kali/arm64//var/cache/apt/archives/partial/sqv_1.2.1-5_arm64.deb" [1]
2025-01-28 14:04:51 URL:http://kali.download/kali/pool/main/s/systemd/systemd_257.2-1_arm64.deb [3370752/3370752] -> "/home/ubuntu/Development/Cloned/Anlinux-Resources/Scripts/Bootstrap/Kali/arm64//var/cache/apt/archives/partial/systemd_257.2-1_arm64.deb" [1]
2025-01-28 14:04:52 URL:http://kali.download/kali/pool/main/s/sysvinit/sysvinit-utils_3.13-1_arm64.deb [33108/33108] -> "/home/ubuntu/Development/Cloned/Anlinux-Resources/Scripts/Bootstrap/Kali/arm64//var/cache/apt/archives/partial/sysvinit-utils_3.13-1_arm64.deb" [1]
2025-01-28 14:04:53 URL:http://kali.download/kali/pool/main/t/tar/tar_1.35+dfsg-3.1_arm64.deb [802008/802008] -> "/home/ubuntu/Development/Cloned/Anlinux-Resources/Scripts/Bootstrap/Kali/arm64//var/cache/apt/archives/partial/tar_1.35+dfsg-3.1_arm64.deb" [1]
2025-01-28 14:04:54 URL:http://kali.download/kali/pool/main/t/tzdata/tzdata_2024b-6_all.deb [257340/257340] -> "/home/ubuntu/Development/Cloned/Anlinux-Resources/Scripts/Bootstrap/Kali/arm64//var/cache/apt/archives/partial/tzdata_2024b-6_all.deb" [1]
2025-01-28 14:04:55 URL:http://kali.download/kali/pool/main/u/usrmerge/usr-is-merged_39+nmu2_all.deb [5936/5936] -> "/home/ubuntu/Development/Cloned/Anlinux-Resources/Scripts/Bootstrap/Kali/arm64//var/cache/apt/archives/partial/usr-is-merged_39+nmu2_all.deb" [1]
2025-01-28 14:04:56 URL:http://mirror.aktkn.sg/kali/pool/main/u/util-linux/util-linux_2.40.4-1_arm64.deb [1173248/1173248] -> "/home/ubuntu/Development/Cloned/Anlinux-Resources/Scripts/Bootstrap/Kali/arm64//var/cache/apt/archives/partial/util-linux_2.40.4-1_arm64.deb" [1]
2025-01-28 14:04:58 URL:http://kali.download/kali/pool/main/w/wget/wget_1.24.5-2_arm64.deb [966276/966276] -> "/home/ubuntu/Development/Cloned/Anlinux-Resources/Scripts/Bootstrap/Kali/arm64//var/cache/apt/archives/partial/wget_1.24.5-2_arm64.deb" [1]
2025-01-28 14:04:59 URL:http://kali.download/kali/pool/main/z/zlib/zlib1g_1.3.dfsg+really1.3.1-1+b1_arm64.deb [85116/85116] -> "/home/ubuntu/Development/Cloned/Anlinux-Resources/Scripts/Bootstrap/Kali/arm64//var/cache/apt/archives/partial/zlib1g_1%3a1.3.dfsg+really1.3.1-1+b1_arm64.deb" [1]
dpkg: warning: parsing file '/var/lib/dpkg/status' near line 5 package 'dpkg':
 missing 'Description' field
dpkg: warning: parsing file '/var/lib/dpkg/status' near line 5 package 'dpkg':
 missing 'Architecture' field
Selecting previously unselected package base-passwd.
(Reading database ... 0 files and directories currently installed.)
Preparing to unpack .../base-passwd_3.6.6_arm64.deb ...
Unpacking base-passwd (3.6.6) ...
dpkg: base-passwd: dependency problems, but configuring anyway as you requested:
 base-passwd depends on libc6 (>= 2.34); however:
  Package libc6 is not installed.
 base-passwd depends on libdebconfclient0 (>= 0.145); however:
  Package libdebconfclient0 is not installed.
 base-passwd depends on libselinux1 (>= 3.1~); however:
  Package libselinux1 is not installed.

Setting up base-passwd (3.6.6) ...
dpkg: warning: parsing file '/var/lib/dpkg/status' near line 24 package 'dpkg':
 missing 'Description' field
dpkg: warning: parsing file '/var/lib/dpkg/status' near line 24 package 'dpkg':
 missing 'Architecture' field
Selecting previously unselected package base-files.
dpkg: regarding .../base-files_1%3a2024.4.1_arm64.deb containing base-files, pre-dependency problem:
 base-files pre-depends on awk
  awk is not installed.

dpkg: warning: ignoring pre-dependency problem!
(Reading database ... 44 files and directories currently installed.)
Preparing to unpack .../base-files_1%3a2024.4.1_arm64.deb ...
dpkg-divert: warning: parsing file '/var/lib/dpkg/status' near line 24 package 'dpkg':
 missing 'Description' field
dpkg-divert: warning: parsing file '/var/lib/dpkg/status' near line 24 package 'dpkg':
 missing 'Architecture' field
dpkg-divert: warning: parsing file '/var/lib/dpkg/status' near line 24 package 'dpkg':
 missing 'Description' field
dpkg-divert: warning: parsing file '/var/lib/dpkg/status' near line 24 package 'dpkg':
 missing 'Architecture' field
dpkg-divert: warning: parsing file '/var/lib/dpkg/status' near line 24 package 'dpkg':
 missing 'Description' field
dpkg-divert: warning: parsing file '/var/lib/dpkg/status' near line 24 package 'dpkg':
 missing 'Architecture' field
dpkg-divert: warning: parsing file '/var/lib/dpkg/status' near line 24 package 'dpkg':
 missing 'Description' field
dpkg-divert: warning: parsing file '/var/lib/dpkg/status' near line 24 package 'dpkg':
 missing 'Architecture' field
Unpacking base-files (1:2024.4.1) ...
dpkg: base-files: dependency problems, but configuring anyway as you requested:
 base-files depends on awk; however:
  Package awk is not installed.

Setting up base-files (1:2024.4.1) ...
dpkg: warning: parsing file '/var/lib/dpkg/status' near line 53 package 'dpkg':
 missing 'Description' field
dpkg: warning: parsing file '/var/lib/dpkg/status' near line 53 package 'dpkg':
 missing 'Architecture' field
dpkg: regarding .../dpkg_1.22.11+kali2_arm64.deb containing dpkg, pre-dependency problem:
 dpkg pre-depends on libbz2-1.0
  libbz2-1.0 is not installed.

dpkg: warning: ignoring pre-dependency problem!
dpkg: regarding .../dpkg_1.22.11+kali2_arm64.deb containing dpkg, pre-dependency problem:
 dpkg pre-depends on libc6 (>= 2.38)
  libc6 is not installed.

dpkg: warning: ignoring pre-dependency problem!
dpkg: regarding .../dpkg_1.22.11+kali2_arm64.deb containing dpkg, pre-dependency problem:
 dpkg pre-depends on liblzma5 (>= 5.4.0)
  liblzma5 is not installed.

dpkg: warning: ignoring pre-dependency problem!
dpkg: regarding .../dpkg_1.22.11+kali2_arm64.deb containing dpkg, pre-dependency problem:
 dpkg pre-depends on libmd0 (>= 0.0.0)
  libmd0 is not installed.

dpkg: warning: ignoring pre-dependency problem!
dpkg: regarding .../dpkg_1.22.11+kali2_arm64.deb containing dpkg, pre-dependency problem:
 dpkg pre-depends on libselinux1 (>= 3.1~)
  libselinux1 is not installed.

dpkg: warning: ignoring pre-dependency problem!
dpkg: regarding .../dpkg_1.22.11+kali2_arm64.deb containing dpkg, pre-dependency problem:
 dpkg pre-depends on libzstd1 (>= 1.5.5)
  libzstd1 is not installed.

dpkg: warning: ignoring pre-dependency problem!
dpkg: regarding .../dpkg_1.22.11+kali2_arm64.deb containing dpkg, pre-dependency problem:
 dpkg pre-depends on zlib1g (>= 1:1.1.4)
  zlib1g is not installed.

dpkg: warning: ignoring pre-dependency problem!
(Reading database ... 142 files and directories currently installed.)
Preparing to unpack .../dpkg_1.22.11+kali2_arm64.deb ...
Unpacking dpkg (1.22.11+kali2) over (1.22.11+kali2) ...
dpkg: dpkg: dependency problems, but configuring anyway as you requested:
 dpkg depends on libbz2-1.0; however:
  Package libbz2-1.0 is not installed.
 dpkg depends on libc6 (>= 2.38); however:
  Package libc6 is not installed.
 dpkg depends on liblzma5 (>= 5.4.0); however:
  Package liblzma5 is not installed.
 dpkg depends on libmd0 (>= 0.0.0); however:
  Package libmd0 is not installed.
 dpkg depends on libselinux1 (>= 3.1~); however:
  Package libselinux1 is not installed.
 dpkg depends on libzstd1 (>= 1.5.5); however:
  Package libzstd1 is not installed.
 dpkg depends on zlib1g (>= 1:1.1.4); however:
  Package zlib1g is not installed.
 dpkg depends on tar (>= 1.28-1); however:
  Package tar is not installed.

Setting up dpkg (1.22.11+kali2) ...
Selecting previously unselected package libc6:arm64.
(Reading database ... 421 files and directories currently installed.)
Preparing to unpack .../libc6_2.40-3_arm64.deb ...
Unpacking libc6:arm64 (2.40-3) ...
dpkg: libc6:arm64: dependency problems, but configuring anyway as you requested:
 libc6:arm64 depends on libgcc-s1; however:
  Package libgcc-s1 is not installed.

Setting up libc6:arm64 (2.40-3) ...
Selecting previously unselected package perl-base.
dpkg: regarding .../perl-base_5.40.0-8_arm64.deb containing perl-base, pre-dependency problem:
 perl-base pre-depends on libcrypt1 (>= 1:4.1.0)
  libcrypt1 is not installed.

dpkg: warning: ignoring pre-dependency problem!
(Reading database ... 714 files and directories currently installed.)
Preparing to unpack .../perl-base_5.40.0-8_arm64.deb ...
Unpacking perl-base (5.40.0-8) ...
dpkg: perl-base: dependency problems, but configuring anyway as you requested:
 perl-base depends on libcrypt1 (>= 1:4.1.0); however:
  Package libcrypt1 is not installed.

Setting up perl-base (5.40.0-8) ...
Selecting previously unselected package mawk.
(Reading database ... 1447 files and directories currently installed.)
Preparing to unpack .../mawk_1.3.4.20240905-1_arm64.deb ...
Unpacking mawk (1.3.4.20240905-1) ...
Setting up mawk (1.3.4.20240905-1) ...
update-alternatives: using /usr/bin/mawk to provide /usr/bin/awk (awk) in auto mode
Selecting previously unselected package apt.
(Reading database ... 1469 files and directories currently installed.)
Preparing to unpack .../archives/apt_2.9.23_arm64.deb ...
Unpacking apt (2.9.23) ...
Preparing to unpack .../base-files_1%3a2024.4.1_arm64.deb ...
Unpacking base-files (1:2024.4.1) over (1:2024.4.1) ...
Preparing to unpack .../base-passwd_3.6.6_arm64.deb ...
Unpacking base-passwd (3.6.6) over (3.6.6) ...
Selecting previously unselected package bash.
dpkg: regarding .../bash_5.2.37-1_arm64.deb containing bash, pre-dependency problem:
 bash pre-depends on libtinfo6 (>= 6)
  libtinfo6 is not installed.

dpkg: warning: ignoring pre-dependency problem!
Preparing to unpack .../bash_5.2.37-1_arm64.deb ...
Unpacking bash (5.2.37-1) ...
Selecting previously unselected package bsdutils.
dpkg: regarding .../bsdutils_1%3a2.40.4-1_arm64.deb containing bsdutils, pre-dependency problem:
 bsdutils pre-depends on libsystemd0 (>= 254)
  libsystemd0 is not installed.

dpkg: warning: ignoring pre-dependency problem!
Preparing to unpack .../bsdutils_1%3a2.40.4-1_arm64.deb ...
Unpacking bsdutils (1:2.40.4-1) ...
Selecting previously unselected package coreutils.
dpkg: regarding .../coreutils_9.5-1+b1_arm64.deb containing coreutils, pre-dependency problem:
 coreutils pre-depends on libacl1 (>= 2.2.23)
  libacl1 is not installed.

dpkg: warning: ignoring pre-dependency problem!
dpkg: regarding .../coreutils_9.5-1+b1_arm64.deb containing coreutils, pre-dependency problem:
 coreutils pre-depends on libattr1 (>= 1:2.4.48)
  libattr1 is not installed.

dpkg: warning: ignoring pre-dependency problem!
dpkg: regarding .../coreutils_9.5-1+b1_arm64.deb containing coreutils, pre-dependency problem:
 coreutils pre-depends on libgmp10 (>= 2:6.3.0+dfsg)
  libgmp10 is not installed.

dpkg: warning: ignoring pre-dependency problem!
dpkg: regarding .../coreutils_9.5-1+b1_arm64.deb containing coreutils, pre-dependency problem:
 coreutils pre-depends on libselinux1 (>= 3.1~)
  libselinux1 is not installed.

dpkg: warning: ignoring pre-dependency problem!
dpkg: regarding .../coreutils_9.5-1+b1_arm64.deb containing coreutils, pre-dependency problem:
 coreutils pre-depends on libssl3t64 (>= 3.0.0)
  libssl3t64 is not installed.

dpkg: warning: ignoring pre-dependency problem!
Preparing to unpack .../coreutils_9.5-1+b1_arm64.deb ...
Unpacking coreutils (9.5-1+b1) ...
Selecting previously unselected package dash.
Preparing to unpack .../dash_0.5.12-11_arm64.deb ...
Unpacking dash (0.5.12-11) ...
Selecting previously unselected package debconf.
Preparing to unpack .../debconf_1.5.89_all.deb ...
Unpacking debconf (1.5.89) ...
Selecting previously unselected package debian-archive-keyring.
Preparing to unpack .../debian-archive-keyring_2023.4_all.deb ...
Unpacking debian-archive-keyring (2023.4) ...
Selecting previously unselected package debianutils.
Preparing to unpack .../debianutils_5.21_arm64.deb ...
Unpacking debianutils (5.21) ...
Selecting previously unselected package diffutils.
Preparing to unpack .../diffutils_1%3a3.10-2_arm64.deb ...
Unpacking diffutils (1:3.10-2) ...
dpkg: regarding .../dpkg_1.22.11+kali2_arm64.deb containing dpkg, pre-dependency problem:
 dpkg pre-depends on libbz2-1.0
  libbz2-1.0 is not installed.

dpkg: warning: ignoring pre-dependency problem!
dpkg: regarding .../dpkg_1.22.11+kali2_arm64.deb containing dpkg, pre-dependency problem:
 dpkg pre-depends on liblzma5 (>= 5.4.0)
  liblzma5 is not installed.

dpkg: warning: ignoring pre-dependency problem!
dpkg: regarding .../dpkg_1.22.11+kali2_arm64.deb containing dpkg, pre-dependency problem:
 dpkg pre-depends on libmd0 (>= 0.0.0)
  libmd0 is not installed.

dpkg: warning: ignoring pre-dependency problem!
dpkg: regarding .../dpkg_1.22.11+kali2_arm64.deb containing dpkg, pre-dependency problem:
 dpkg pre-depends on libselinux1 (>= 3.1~)
  libselinux1 is not installed.

dpkg: warning: ignoring pre-dependency problem!
dpkg: regarding .../dpkg_1.22.11+kali2_arm64.deb containing dpkg, pre-dependency problem:
 dpkg pre-depends on libzstd1 (>= 1.5.5)
  libzstd1 is not installed.

dpkg: warning: ignoring pre-dependency problem!
dpkg: regarding .../dpkg_1.22.11+kali2_arm64.deb containing dpkg, pre-dependency problem:
 dpkg pre-depends on zlib1g (>= 1:1.1.4)
  zlib1g is not installed.

dpkg: warning: ignoring pre-dependency problem!
Preparing to unpack .../dpkg_1.22.11+kali2_arm64.deb ...
Unpacking dpkg (1.22.11+kali2) over (1.22.11+kali2) ...
Selecting previously unselected package e2fsprogs.
dpkg: regarding .../e2fsprogs_1.47.2-1_arm64.deb containing e2fsprogs, pre-dependency problem:
 e2fsprogs pre-depends on libblkid1 (>= 2.36)
  libblkid1 is not installed.

dpkg: warning: ignoring pre-dependency problem!
dpkg: regarding .../e2fsprogs_1.47.2-1_arm64.deb containing e2fsprogs, pre-dependency problem:
 e2fsprogs pre-depends on libcom-err2 (>= 1.43.9)
  libcom-err2 is not installed.

dpkg: warning: ignoring pre-dependency problem!
dpkg: regarding .../e2fsprogs_1.47.2-1_arm64.deb containing e2fsprogs, pre-dependency problem:
 e2fsprogs pre-depends on libext2fs2t64 (= 1.47.2-1)
  libext2fs2t64 is not installed.

dpkg: warning: ignoring pre-dependency problem!
dpkg: regarding .../e2fsprogs_1.47.2-1_arm64.deb containing e2fsprogs, pre-dependency problem:
 e2fsprogs pre-depends on libss2 (>= 1.38)
  libss2 is not installed.

dpkg: warning: ignoring pre-dependency problem!
dpkg: regarding .../e2fsprogs_1.47.2-1_arm64.deb containing e2fsprogs, pre-dependency problem:
 e2fsprogs pre-depends on libuuid1 (>= 2.16)
  libuuid1 is not installed.

dpkg: warning: ignoring pre-dependency problem!
Preparing to unpack .../e2fsprogs_1.47.2-1_arm64.deb ...
Unpacking e2fsprogs (1.47.2-1) ...
Selecting previously unselected package findutils.
dpkg: regarding .../findutils_4.10.0-3_arm64.deb containing findutils, pre-dependency problem:
 findutils pre-depends on libselinux1 (>= 3.1~)
  libselinux1 is not installed.

dpkg: warning: ignoring pre-dependency problem!
Preparing to unpack .../findutils_4.10.0-3_arm64.deb ...
Unpacking findutils (4.10.0-3) ...
Selecting previously unselected package gcc-14-base:arm64.
Preparing to unpack .../gcc-14-base_14.2.0-12_arm64.deb ...
Unpacking gcc-14-base:arm64 (14.2.0-12) ...
Selecting previously unselected package grep.
dpkg: regarding .../grep_3.11-4+b1_arm64.deb containing grep, pre-dependency problem:
 grep pre-depends on libpcre2-8-0 (>= 10.32)
  libpcre2-8-0 is not installed.

dpkg: warning: ignoring pre-dependency problem!
Preparing to unpack .../grep_3.11-4+b1_arm64.deb ...
Unpacking grep (3.11-4+b1) ...
Selecting previously unselected package gzip.
Preparing to unpack .../archives/gzip_1.13-1_arm64.deb ...
Unpacking gzip (1.13-1) ...
Selecting previously unselected package hostname.
Preparing to unpack .../hostname_3.25_arm64.deb ...
Unpacking hostname (3.25) ...
Selecting previously unselected package init-system-helpers.
Preparing to unpack .../init-system-helpers_1.68+kali2_all.deb ...
Unpacking init-system-helpers (1.68+kali2) ...
Selecting previously unselected package libacl1:arm64.
Preparing to unpack .../libacl1_2.3.2-2+b1_arm64.deb ...
Unpacking libacl1:arm64 (2.3.2-2+b1) ...
Selecting previously unselected package libapt-pkg6.0t64:arm64.
Preparing to unpack .../libapt-pkg6.0t64_2.9.23_arm64.deb ...
Unpacking libapt-pkg6.0t64:arm64 (2.9.23) ...
Selecting previously unselected package libattr1:arm64.
Preparing to unpack .../libattr1_1%3a2.5.2-2_arm64.deb ...
Unpacking libattr1:arm64 (1:2.5.2-2) ...
Selecting previously unselected package libaudit-common.
Preparing to unpack .../libaudit-common_1%3a4.0.2-2_all.deb ...
Unpacking libaudit-common (1:4.0.2-2) ...
Selecting previously unselected package libaudit1:arm64.
Preparing to unpack .../libaudit1_1%3a4.0.2-2+b1_arm64.deb ...
Unpacking libaudit1:arm64 (1:4.0.2-2+b1) ...
Selecting previously unselected package libblkid1:arm64.
Preparing to unpack .../libblkid1_2.40.4-1_arm64.deb ...
Unpacking libblkid1:arm64 (2.40.4-1) ...
Selecting previously unselected package libbsd0:arm64.
Preparing to unpack .../libbsd0_0.12.2-2_arm64.deb ...
Unpacking libbsd0:arm64 (0.12.2-2) ...
Selecting previously unselected package libbz2-1.0:arm64.
Preparing to unpack .../libbz2-1.0_1.0.8-6_arm64.deb ...
Unpacking libbz2-1.0:arm64 (1.0.8-6) ...
Selecting previously unselected package libc-bin.
Preparing to unpack .../libc-bin_2.40-3_arm64.deb ...
Unpacking libc-bin (2.40-3) ...
Preparing to unpack .../libc6_2.40-3_arm64.deb ...
Unpacking libc6:arm64 (2.40-3) over (2.40-3) ...
Selecting previously unselected package libcap-ng0:arm64.
Preparing to unpack .../libcap-ng0_0.8.5-4_arm64.deb ...
Unpacking libcap-ng0:arm64 (0.8.5-4) ...
Selecting previously unselected package libcap2:arm64.
Preparing to unpack .../libcap2_1%3a2.66-5+b1_arm64.deb ...
Unpacking libcap2:arm64 (1:2.66-5+b1) ...
Selecting previously unselected package libcom-err2:arm64.
Preparing to unpack .../libcom-err2_1.47.2-1_arm64.deb ...
Unpacking libcom-err2:arm64 (1.47.2-1) ...
Selecting previously unselected package libcrypt1:arm64.
Preparing to unpack .../libcrypt1_1%3a4.4.38-1_arm64.deb ...
Unpacking libcrypt1:arm64 (1:4.4.38-1) ...
Selecting previously unselected package libdb5.3t64:arm64.
Preparing to unpack .../libdb5.3t64_5.3.28+dfsg2-9_arm64.deb ...
Unpacking libdb5.3t64:arm64 (5.3.28+dfsg2-9) ...
Selecting previously unselected package libdebconfclient0:arm64.
Preparing to unpack .../libdebconfclient0_0.277_arm64.deb ...
Unpacking libdebconfclient0:arm64 (0.277) ...
Selecting previously unselected package libext2fs2t64:arm64.
Preparing to unpack .../libext2fs2t64_1.47.2-1_arm64.deb ...
Adding 'diversion of /lib/aarch64-linux-gnu/libe2p.so.2 to /lib/aarch64-linux-gnu/libe2p.so.2.usr-is-merged by libext2fs2t64'
Adding 'diversion of /lib/aarch64-linux-gnu/libe2p.so.2.3 to /lib/aarch64-linux-gnu/libe2p.so.2.3.usr-is-merged by libext2fs2t64'
Adding 'diversion of /lib/aarch64-linux-gnu/libext2fs.so.2 to /lib/aarch64-linux-gnu/libext2fs.so.2.usr-is-merged by libext2fs2t64'
Adding 'diversion of /lib/aarch64-linux-gnu/libext2fs.so.2.4 to /lib/aarch64-linux-gnu/libext2fs.so.2.4.usr-is-merged by libext2fs2t64'
Unpacking libext2fs2t64:arm64 (1.47.2-1) ...
Selecting previously unselected package libgcc-s1:arm64.
Preparing to unpack .../libgcc-s1_14.2.0-12_arm64.deb ...
Unpacking libgcc-s1:arm64 (14.2.0-12) ...
Selecting previously unselected package libgmp10:arm64.
Preparing to unpack .../libgmp10_2%3a6.3.0+dfsg-3_arm64.deb ...
Unpacking libgmp10:arm64 (2:6.3.0+dfsg-3) ...
Selecting previously unselected package libhogweed6t64:arm64.
Preparing to unpack .../libhogweed6t64_3.10-1+b1_arm64.deb ...
Unpacking libhogweed6t64:arm64 (3.10-1+b1) ...
Selecting previously unselected package liblz4-1:arm64.
Preparing to unpack .../liblz4-1_1.9.4-4_arm64.deb ...
Unpacking liblz4-1:arm64 (1.9.4-4) ...
Selecting previously unselected package liblzma5:arm64.
Preparing to unpack .../liblzma5_5.6.3-1+b1_arm64.deb ...
Unpacking liblzma5:arm64 (5.6.3-1+b1) ...
Selecting previously unselected package libmd0:arm64.
Preparing to unpack .../libmd0_1.1.0-2+b1_arm64.deb ...
Unpacking libmd0:arm64 (1.1.0-2+b1) ...
Selecting previously unselected package libmount1:arm64.
Preparing to unpack .../libmount1_2.40.4-1_arm64.deb ...
Unpacking libmount1:arm64 (2.40.4-1) ...
Selecting previously unselected package libnettle8t64:arm64.
Preparing to unpack .../libnettle8t64_3.10-1+b1_arm64.deb ...
Unpacking libnettle8t64:arm64 (3.10-1+b1) ...
Selecting previously unselected package libpam-modules:arm64.
dpkg: regarding .../libpam-modules_1.5.3-7+b1_arm64.deb containing libpam-modules:arm64, pre-dependency problem:
 libpam-modules pre-depends on libaudit1 (>= 1:2.2.1)
  libaudit1:arm64 is unpacked, but has never been configured.

dpkg: warning: ignoring pre-dependency problem!
dpkg: regarding .../libpam-modules_1.5.3-7+b1_arm64.deb containing libpam-modules:arm64, pre-dependency problem:
 libpam-modules pre-depends on libcrypt1 (>= 1:4.3.0)
  libcrypt1:arm64 is unpacked, but has never been configured.

dpkg: warning: ignoring pre-dependency problem!
dpkg: regarding .../libpam-modules_1.5.3-7+b1_arm64.deb containing libpam-modules:arm64, pre-dependency problem:
 libpam-modules pre-depends on libdb5.3t64
  libdb5.3t64:arm64 is unpacked, but has never been configured.

dpkg: warning: ignoring pre-dependency problem!
dpkg: regarding .../libpam-modules_1.5.3-7+b1_arm64.deb containing libpam-modules:arm64, pre-dependency problem:
 libpam-modules pre-depends on libpam0g (>= 1.4.1)
  libpam0g is not installed.

dpkg: warning: ignoring pre-dependency problem!
dpkg: regarding .../libpam-modules_1.5.3-7+b1_arm64.deb containing libpam-modules:arm64, pre-dependency problem:
 libpam-modules pre-depends on libselinux1 (>= 3.1~)
  libselinux1 is not installed.

dpkg: warning: ignoring pre-dependency problem!
dpkg: regarding .../libpam-modules_1.5.3-7+b1_arm64.deb containing libpam-modules:arm64, pre-dependency problem:
 libpam-modules pre-depends on libsystemd0
  libsystemd0 is not installed.

dpkg: warning: ignoring pre-dependency problem!
dpkg: regarding .../libpam-modules_1.5.3-7+b1_arm64.deb containing libpam-modules:arm64, pre-dependency problem:
 libpam-modules pre-depends on debconf (>= 0.5) | debconf-2.0
  debconf is unpacked, but has never been configured.
  debconf provides debconf-2.0 but is unpacked but not configured.

dpkg: warning: ignoring pre-dependency problem!
dpkg: regarding .../libpam-modules_1.5.3-7+b1_arm64.deb containing libpam-modules:arm64, pre-dependency problem:
 libpam-modules pre-depends on libpam-modules-bin (= 1.5.3-7+b1)
  libpam-modules-bin is not installed.

dpkg: warning: ignoring pre-dependency problem!
Preparing to unpack .../libpam-modules_1.5.3-7+b1_arm64.deb ...
Unpacking libpam-modules:arm64 (1.5.3-7+b1) ...
Selecting previously unselected package libpam-modules-bin.
Preparing to unpack .../libpam-modules-bin_1.5.3-7+b1_arm64.deb ...
Unpacking libpam-modules-bin (1.5.3-7+b1) ...
Selecting previously unselected package libpam-runtime.
Preparing to unpack .../libpam-runtime_1.5.3-7_all.deb ...
Unpacking libpam-runtime (1.5.3-7) ...
Selecting previously unselected package libpam0g:arm64.
Preparing to unpack .../libpam0g_1.5.3-7+b1_arm64.deb ...
Unpacking libpam0g:arm64 (1.5.3-7+b1) ...
Selecting previously unselected package libpcre2-8-0:arm64.
Preparing to unpack .../libpcre2-8-0_10.44-5_arm64.deb ...
Unpacking libpcre2-8-0:arm64 (10.44-5) ...
Selecting previously unselected package libseccomp2:arm64.
Preparing to unpack .../libseccomp2_2.5.5-2_arm64.deb ...
Unpacking libseccomp2:arm64 (2.5.5-2) ...
Selecting previously unselected package libselinux1:arm64.
Preparing to unpack .../libselinux1_3.7-3+b1_arm64.deb ...
Unpacking libselinux1:arm64 (3.7-3+b1) ...
Selecting previously unselected package libsemanage-common.
Preparing to unpack .../libsemanage-common_3.7-2_all.deb ...
Unpacking libsemanage-common (3.7-2) ...
Selecting previously unselected package libsemanage2:arm64.
Preparing to unpack .../libsemanage2_3.7-2+b1_arm64.deb ...
Unpacking libsemanage2:arm64 (3.7-2+b1) ...
Selecting previously unselected package libsepol2:arm64.
Preparing to unpack .../libsepol2_3.7-1_arm64.deb ...
Unpacking libsepol2:arm64 (3.7-1) ...
Selecting previously unselected package libsmartcols1:arm64.
Preparing to unpack .../libsmartcols1_2.40.4-1_arm64.deb ...
Unpacking libsmartcols1:arm64 (2.40.4-1) ...
Selecting previously unselected package libss2:arm64.
Preparing to unpack .../libss2_1.47.2-1_arm64.deb ...
Unpacking libss2:arm64 (1.47.2-1) ...
Selecting previously unselected package libssl3t64:arm64.
Preparing to unpack .../libssl3t64_3.4.0-2_arm64.deb ...
Unpacking libssl3t64:arm64 (3.4.0-2) ...
Selecting previously unselected package libstdc++6:arm64.
Preparing to unpack .../libstdc++6_14.2.0-12_arm64.deb ...
Unpacking libstdc++6:arm64 (14.2.0-12) ...
Selecting previously unselected package libsystemd0:arm64.
Preparing to unpack .../libsystemd0_257.2-1_arm64.deb ...
Unpacking libsystemd0:arm64 (257.2-1) ...
Selecting previously unselected package libtinfo6:arm64.
Preparing to unpack .../libtinfo6_6.5-2+b1_arm64.deb ...
Unpacking libtinfo6:arm64 (6.5-2+b1) ...
Selecting previously unselected package libudev1:arm64.
Preparing to unpack .../libudev1_257.2-1_arm64.deb ...
Unpacking libudev1:arm64 (257.2-1) ...
Selecting previously unselected package libuuid1:arm64.
Preparing to unpack .../libuuid1_2.40.4-1_arm64.deb ...
Unpacking libuuid1:arm64 (2.40.4-1) ...
Selecting previously unselected package libxxhash0:arm64.
Preparing to unpack .../libxxhash0_0.8.2-2+b2_arm64.deb ...
Unpacking libxxhash0:arm64 (0.8.2-2+b2) ...
Selecting previously unselected package libzstd1:arm64.
Preparing to unpack .../libzstd1_1.5.6+dfsg-2_arm64.deb ...
Unpacking libzstd1:arm64 (1.5.6+dfsg-2) ...
Selecting previously unselected package login.
dpkg: regarding .../login_1%3a4.16.0-2+really2.40.4-1_arm64.deb containing login, pre-dependency problem:
 login pre-depends on login.defs (>= 1:4.16.0-1~)
  login.defs is not installed.

dpkg: warning: ignoring pre-dependency problem!
Preparing to unpack .../login_1%3a4.16.0-2+really2.40.4-1_arm64.deb ...
Unpacking login (1:4.16.0-2+really2.40.4-1) ...
Selecting previously unselected package login.defs.
Preparing to unpack .../login.defs_1%3a4.16.0-7_all.deb ...
Unpacking login.defs (1:4.16.0-7) ...
Selecting previously unselected package logsave.
Preparing to unpack .../logsave_1.47.2-1_arm64.deb ...
Unpacking logsave (1.47.2-1) ...
Preparing to unpack .../mawk_1.3.4.20240905-1_arm64.deb ...
Unpacking mawk (1.3.4.20240905-1) over (1.3.4.20240905-1) ...
Selecting previously unselected package mount.
dpkg: regarding .../mount_2.40.4-1_arm64.deb containing mount, pre-dependency problem:
 mount pre-depends on libblkid1 (= 2.40.4-1)
  libblkid1:arm64 is unpacked, but has never been configured.

dpkg: warning: ignoring pre-dependency problem!
dpkg: regarding .../mount_2.40.4-1_arm64.deb containing mount, pre-dependency problem:
 mount pre-depends on libmount1 (= 2.40.4-1)
  libmount1:arm64 is unpacked, but has never been configured.

dpkg: warning: ignoring pre-dependency problem!
dpkg: regarding .../mount_2.40.4-1_arm64.deb containing mount, pre-dependency problem:
 mount pre-depends on libselinux1 (>= 3.1~)
  libselinux1:arm64 is unpacked, but has never been configured.

dpkg: warning: ignoring pre-dependency problem!
dpkg: regarding .../mount_2.40.4-1_arm64.deb containing mount, pre-dependency problem:
 mount pre-depends on libsmartcols1 (= 2.40.4-1)
  libsmartcols1:arm64 is unpacked, but has never been configured.

dpkg: warning: ignoring pre-dependency problem!
Preparing to unpack .../mount_2.40.4-1_arm64.deb ...
Unpacking mount (2.40.4-1) ...
Selecting previously unselected package ncurses-base.
Preparing to unpack .../ncurses-base_6.5-2_all.deb ...
Unpacking ncurses-base (6.5-2) ...
Selecting previously unselected package ncurses-bin.
dpkg: regarding .../ncurses-bin_6.5-2+b1_arm64.deb containing ncurses-bin, pre-dependency problem:
 ncurses-bin pre-depends on libtinfo6 (>= 6.4+20230603)
  libtinfo6:arm64 is unpacked, but has never been configured.

dpkg: warning: ignoring pre-dependency problem!
Preparing to unpack .../ncurses-bin_6.5-2+b1_arm64.deb ...
Unpacking ncurses-bin (6.5-2+b1) ...
Selecting previously unselected package openssl-provider-legacy.
Preparing to unpack .../openssl-provider-legacy_3.4.0-2_arm64.deb ...
Unpacking openssl-provider-legacy (3.4.0-2) ...
Selecting previously unselected package passwd.
Preparing to unpack .../passwd_1%3a4.16.0-7_arm64.deb ...
Unpacking passwd (1:4.16.0-7) ...
dpkg: regarding .../perl-base_5.40.0-8_arm64.deb containing perl-base, pre-dependency problem:
 perl-base pre-depends on libcrypt1 (>= 1:4.1.0)
  libcrypt1:arm64 is unpacked, but has never been configured.

dpkg: warning: ignoring pre-dependency problem!
Preparing to unpack .../perl-base_5.40.0-8_arm64.deb ...
Unpacking perl-base (5.40.0-8) over (5.40.0-8) ...
Selecting previously unselected package sed.
dpkg: regarding .../sed_4.9-2+b1_arm64.deb containing sed, pre-dependency problem:
 sed pre-depends on libacl1 (>= 2.2.23)
  libacl1:arm64 is unpacked, but has never been configured.

dpkg: warning: ignoring pre-dependency problem!
dpkg: regarding .../sed_4.9-2+b1_arm64.deb containing sed, pre-dependency problem:
 sed pre-depends on libselinux1 (>= 3.1~)
  libselinux1:arm64 is unpacked, but has never been configured.

dpkg: warning: ignoring pre-dependency problem!
Preparing to unpack .../sed_4.9-2+b1_arm64.deb ...
Unpacking sed (4.9-2+b1) ...
Selecting previously unselected package sqv.
Preparing to unpack .../archives/sqv_1.2.1-5_arm64.deb ...
Unpacking sqv (1.2.1-5) ...
Selecting previously unselected package sysvinit-utils.
Preparing to unpack .../sysvinit-utils_3.13-1_arm64.deb ...
Unpacking sysvinit-utils (3.13-1) ...
Selecting previously unselected package tar.
dpkg: regarding .../tar_1.35+dfsg-3.1_arm64.deb containing tar, pre-dependency problem:
 tar pre-depends on libacl1 (>= 2.2.23)
  libacl1:arm64 is unpacked, but has never been configured.

dpkg: warning: ignoring pre-dependency problem!
dpkg: regarding .../tar_1.35+dfsg-3.1_arm64.deb containing tar, pre-dependency problem:
 tar pre-depends on libselinux1 (>= 3.1~)
  libselinux1:arm64 is unpacked, but has never been configured.

dpkg: warning: ignoring pre-dependency problem!
Preparing to unpack .../tar_1.35+dfsg-3.1_arm64.deb ...
Unpacking tar (1.35+dfsg-3.1) ...
Selecting previously unselected package tzdata.
Preparing to unpack .../tzdata_2024b-6_all.deb ...
Unpacking tzdata (2024b-6) ...
Selecting previously unselected package usr-is-merged.
Preparing to unpack .../usr-is-merged_39+nmu2_all.deb ...
Unpacking usr-is-merged (39+nmu2) ...
Selecting previously unselected package util-linux.
dpkg: regarding .../util-linux_2.40.4-1_arm64.deb containing util-linux, pre-dependency problem:
 util-linux pre-depends on libpam-modules
  libpam-modules:arm64 is unpacked, but has never been configured.

dpkg: warning: ignoring pre-dependency problem!
dpkg: regarding .../util-linux_2.40.4-1_arm64.deb containing util-linux, pre-dependency problem:
 util-linux pre-depends on libpam-runtime
  libpam-runtime is unpacked, but has never been configured.

dpkg: warning: ignoring pre-dependency problem!
dpkg: regarding .../util-linux_2.40.4-1_arm64.deb containing util-linux, pre-dependency problem:
 util-linux pre-depends on libblkid1 (= 2.40.4-1)
  libblkid1:arm64 is unpacked, but has never been configured.

dpkg: warning: ignoring pre-dependency problem!
dpkg: regarding .../util-linux_2.40.4-1_arm64.deb containing util-linux, pre-dependency problem:
 util-linux pre-depends on libcap-ng0 (>= 0.7.9)
  libcap-ng0:arm64 is unpacked, but has never been configured.

dpkg: warning: ignoring pre-dependency problem!
dpkg: regarding .../util-linux_2.40.4-1_arm64.deb containing util-linux, pre-dependency problem:
 util-linux pre-depends on libcrypt1 (>= 1:4.1.0)
  libcrypt1:arm64 is unpacked, but has never been configured.

dpkg: warning: ignoring pre-dependency problem!
dpkg: regarding .../util-linux_2.40.4-1_arm64.deb containing util-linux, pre-dependency problem:
 util-linux pre-depends on libmount1 (= 2.40.4-1)
  libmount1:arm64 is unpacked, but has never been configured.

dpkg: warning: ignoring pre-dependency problem!
dpkg: regarding .../util-linux_2.40.4-1_arm64.deb containing util-linux, pre-dependency problem:
 util-linux pre-depends on libpam0g (>= 0.99.7.1)
  libpam0g:arm64 is unpacked, but has never been configured.

dpkg: warning: ignoring pre-dependency problem!
dpkg: regarding .../util-linux_2.40.4-1_arm64.deb containing util-linux, pre-dependency problem:
 util-linux pre-depends on libselinux1 (>= 3.1~)
  libselinux1:arm64 is unpacked, but has never been configured.

dpkg: warning: ignoring pre-dependency problem!
dpkg: regarding .../util-linux_2.40.4-1_arm64.deb containing util-linux, pre-dependency problem:
 util-linux pre-depends on libsmartcols1 (= 2.40.4-1)
  libsmartcols1:arm64 is unpacked, but has never been configured.

dpkg: warning: ignoring pre-dependency problem!
dpkg: regarding .../util-linux_2.40.4-1_arm64.deb containing util-linux, pre-dependency problem:
 util-linux pre-depends on libsystemd0
  libsystemd0:arm64 is unpacked, but has never been configured.

dpkg: warning: ignoring pre-dependency problem!
dpkg: regarding .../util-linux_2.40.4-1_arm64.deb containing util-linux, pre-dependency problem:
 util-linux pre-depends on libtinfo6 (>= 6)
  libtinfo6:arm64 is unpacked, but has never been configured.

dpkg: warning: ignoring pre-dependency problem!
dpkg: regarding .../util-linux_2.40.4-1_arm64.deb containing util-linux, pre-dependency problem:
 util-linux pre-depends on libudev1 (>= 183)
  libudev1:arm64 is unpacked, but has never been configured.

dpkg: warning: ignoring pre-dependency problem!
dpkg: regarding .../util-linux_2.40.4-1_arm64.deb containing util-linux, pre-dependency problem:
 util-linux pre-depends on libuuid1 (= 2.40.4-1)
  libuuid1:arm64 is unpacked, but has never been configured.

dpkg: warning: ignoring pre-dependency problem!
Preparing to unpack .../util-linux_2.40.4-1_arm64.deb ...
Unpacking util-linux (2.40.4-1) ...
Selecting previously unselected package zlib1g:arm64.
Preparing to unpack .../zlib1g_1%3a1.3.dfsg+really1.3.1-1+b1_arm64.deb ...
Unpacking zlib1g:arm64 (1:1.3.dfsg+really1.3.1-1+b1) ...
Setting up gcc-14-base:arm64 (14.2.0-12) ...
Setting up login.defs (1:4.16.0-7) ...
Setting up debian-archive-keyring (2023.4) ...
Setting up usr-is-merged (39+nmu2) ...
Setting up libaudit-common (1:4.0.2-2) ...
Setting up libsemanage-common (3.7-2) ...
Setting up debconf (1.5.89) ...
Setting up tzdata (2024b-6) ...

Current default time zone: 'Etc/UTC'
Local time is now:      Tue Jan 28 06:06:49 UTC 2025.
Universal Time is now:  Tue Jan 28 06:06:49 UTC 2025.
Run 'dpkg-reconfigure tzdata' if you wish to change it.

Setting up ncurses-base (6.5-2) ...
Setting up init-system-helpers (1.68+kali2) ...
Setting up libgcc-s1:arm64 (14.2.0-12) ...
Setting up libc6:arm64 (2.40-3) ...
Setting up libdb5.3t64:arm64 (5.3.28+dfsg2-9) ...
Setting up libmd0:arm64 (1.1.0-2+b1) ...
Setting up libxxhash0:arm64 (0.8.2-2+b2) ...
Setting up libattr1:arm64 (1:2.5.2-2) ...
Setting up sysvinit-utils (3.13-1) ...
Setting up libext2fs2t64:arm64 (1.47.2-1) ...
Setting up debianutils (5.21) ...
update-alternatives: using /usr/bin/which.debianutils to provide /usr/bin/which (which) in auto mode
Setting up mawk (1.3.4.20240905-1) ...
Setting up libdebconfclient0:arm64 (0.277) ...
Setting up base-files (1:2024.4.1) ...
Setting up libbz2-1.0:arm64 (1.0.8-6) ...
Setting up libbsd0:arm64 (0.12.2-2) ...
Setting up libblkid1:arm64 (2.40.4-1) ...
Setting up libstdc++6:arm64 (14.2.0-12) ...
Setting up dash (0.5.12-11) ...
Setting up libtinfo6:arm64 (6.5-2+b1) ...
Setting up bash (5.2.37-1) ...
update-alternatives: using /usr/share/man/man7/bash-builtins.7.gz to provide /usr/share/man/man7/builtins.7.gz (builtins.7.gz) in auto mode
Setting up libzstd1:arm64 (1.5.6+dfsg-2) ...
Setting up liblzma5:arm64 (5.6.3-1+b1) ...
Setting up liblz4-1:arm64 (1.9.4-4) ...
Setting up libc-bin (2.40-3) ...
Setting up ncurses-bin (6.5-2+b1) ...
Setting up libacl1:arm64 (2.3.2-2+b1) ...
Setting up libsmartcols1:arm64 (2.40.4-1) ...
Setting up zlib1g:arm64 (1:1.3.dfsg+really1.3.1-1+b1) ...
Setting up libcrypt1:arm64 (1:4.4.38-1) ...
Setting up libcom-err2:arm64 (1.47.2-1) ...
Setting up diffutils (1:3.10-2) ...
Setting up libseccomp2:arm64 (2.5.5-2) ...
Setting up libcap2:arm64 (1:2.66-5+b1) ...
Setting up perl-base (5.40.0-8) ...
Setting up openssl-provider-legacy (3.4.0-2) ...
Setting up hostname (3.25) ...
Setting up libcap-ng0:arm64 (0.8.5-4) ...
Setting up libnettle8t64:arm64 (3.10-1+b1) ...
Setting up libgmp10:arm64 (2:6.3.0+dfsg-3) ...
Setting up libaudit1:arm64 (1:4.0.2-2+b1) ...
Setting up gzip (1.13-1) ...
Setting up libuuid1:arm64 (2.40.4-1) ...
Setting up libss2:arm64 (1.47.2-1) ...
Setting up libsepol2:arm64 (3.7-1) ...
Setting up libpcre2-8-0:arm64 (10.44-5) ...
Setting up logsave (1.47.2-1) ...
Setting up libudev1:arm64 (257.2-1) ...
Setting up libhogweed6t64:arm64 (3.10-1+b1) ...
Setting up sqv (1.2.1-5) ...
Setting up grep (3.11-4+b1) ...
Setting up libssl3t64:arm64 (3.4.0-2) ...
Setting up e2fsprogs (1.47.2-1) ...
Setting up libsystemd0:arm64 (257.2-1) ...
Setting up libselinux1:arm64 (3.7-3+b1) ...
Setting up libpam0g:arm64 (1.5.3-7+b1) ...
Setting up sed (4.9-2+b1) ...
Setting up findutils (4.10.0-3) ...
Setting up libmount1:arm64 (2.40.4-1) ...
Setting up libsemanage2:arm64 (3.7-2+b1) ...
Setting up libapt-pkg6.0t64:arm64 (2.9.23) ...
Setting up base-passwd (3.6.6) ...
Setting up apt (2.9.23) ...
Setting up bsdutils (1:2.40.4-1) ...
Setting up tar (1.35+dfsg-3.1) ...
update-alternatives: using /usr/sbin/rmt-tar to provide /usr/sbin/rmt (rmt) in auto mode
Setting up libpam-modules-bin (1.5.3-7+b1) ...
Setting up coreutils (9.5-1+b1) ...
Setting up dpkg (1.22.11+kali2) ...
Setting up mount (2.40.4-1) ...
Setting up libpam-modules:arm64 (1.5.3-7+b1) ...
Setting up passwd (1:4.16.0-7) ...
Shadow passwords are now on.
Setting up libpam-runtime (1.5.3-7) ...
Setting up login (1:4.16.0-2+really2.40.4-1) ...
Setting up util-linux (2.40.4-1) ...
update-alternatives: using /bin/more to provide /usr/bin/pager (pager) in auto mode
Processing triggers for libc-bin (2.40-3) ...
(Reading database ... 5032 files and directories currently installed.)
Preparing to unpack .../archives/adduser_3.137_all.deb ...
Unpacking adduser (3.137) ...
Preparing to unpack .../busybox-static_1%3a1.37.0-4_arm64.deb ...
Unpacking busybox-static (1:1.37.0-4) ...
Preparing to unpack .../ca-certificates_20241223_all.deb ...
Unpacking ca-certificates (20241223) ...
Preparing to unpack .../dirmngr_2.2.46-1+b1_arm64.deb ...
Unpacking dirmngr (2.2.46-1+b1) ...
Preparing to unpack .../gnupg_2.2.46-1_all.deb ...
Unpacking gnupg (2.2.46-1) ...
Preparing to unpack .../gnupg-l10n_2.2.46-1_all.deb ...
Unpacking gnupg-l10n (2.2.46-1) ...
Preparing to unpack .../gpg_2.2.46-1+b1_arm64.deb ...
Unpacking gpg (2.2.46-1+b1) ...
Preparing to unpack .../gpg-agent_2.2.46-1+b1_arm64.deb ...
Unpacking gpg-agent (2.2.46-1+b1) ...
Preparing to unpack .../gpgconf_2.2.46-1+b1_arm64.deb ...
Unpacking gpgconf (2.2.46-1+b1) ...
Preparing to unpack .../gpgsm_2.2.46-1+b1_arm64.deb ...
Unpacking gpgsm (2.2.46-1+b1) ...
Preparing to unpack .../libapparmor1_3.1.7-1+b3_arm64.deb ...
Unpacking libapparmor1:arm64 (3.1.7-1+b3) ...
Preparing to unpack .../libassuan9_3.0.1-2_arm64.deb ...
Unpacking libassuan9:arm64 (3.0.1-2) ...
Preparing to unpack .../libffi8_3.4.6-1_arm64.deb ...
Unpacking libffi8:arm64 (3.4.6-1) ...
Preparing to unpack .../libgcrypt20_1.11.0-7_arm64.deb ...
Unpacking libgcrypt20:arm64 (1.11.0-7) ...
Preparing to unpack .../libgnutls30t64_3.8.8-2_arm64.deb ...
Unpacking libgnutls30t64:arm64 (3.8.8-2) ...
Preparing to unpack .../libgpg-error0_1.51-3_arm64.deb ...
Unpacking libgpg-error0:arm64 (1.51-3) ...
Preparing to unpack .../libidn2-0_2.3.7-2+b1_arm64.deb ...
Unpacking libidn2-0:arm64 (2.3.7-2+b1) ...
Preparing to unpack .../libksba8_1.6.7-2+b1_arm64.deb ...
Unpacking libksba8:arm64 (1.6.7-2+b1) ...
Preparing to unpack .../libldap2_2.6.9+dfsg-1_arm64.deb ...
Unpacking libldap2:arm64 (2.6.9+dfsg-1) ...
Preparing to unpack .../libncursesw6_6.5-2+b1_arm64.deb ...
Unpacking libncursesw6:arm64 (6.5-2+b1) ...
Preparing to unpack .../libnpth0t64_1.8-2_arm64.deb ...
Unpacking libnpth0t64:arm64 (1.8-2) ...
Preparing to unpack .../libp11-kit0_0.25.5-3_arm64.deb ...
Unpacking libp11-kit0:arm64 (0.25.5-3) ...
Preparing to unpack .../libpsl5t64_0.21.2-1.1+b1_arm64.deb ...
Unpacking libpsl5t64:arm64 (0.21.2-1.1+b1) ...
Preparing to unpack .../libreadline8t64_8.2-6_arm64.deb ...
Adding 'diversion of /lib/aarch64-linux-gnu/libhistory.so.8 to /lib/aarch64-linux-gnu/libhistory.so.8.usr-is-merged by libreadline8t64'
Adding 'diversion of /lib/aarch64-linux-gnu/libhistory.so.8.2 to /lib/aarch64-linux-gnu/libhistory.so.8.2.usr-is-merged by libreadline8t64'
Adding 'diversion of /lib/aarch64-linux-gnu/libreadline.so.8 to /lib/aarch64-linux-gnu/libreadline.so.8.usr-is-merged by libreadline8t64'
Adding 'diversion of /lib/aarch64-linux-gnu/libreadline.so.8.2 to /lib/aarch64-linux-gnu/libreadline.so.8.2.usr-is-merged by libreadline8t64'
Unpacking libreadline8t64:arm64 (8.2-6) ...
Preparing to unpack .../libsasl2-2_2.1.28+dfsg1-8+b1_arm64.deb ...
Unpacking libsasl2-2:arm64 (2.1.28+dfsg1-8+b1) ...
Preparing to unpack .../libsasl2-modules-db_2.1.28+dfsg1-8+b1_arm64.deb ...
Unpacking libsasl2-modules-db:arm64 (2.1.28+dfsg1-8+b1) ...
Preparing to unpack .../libsqlite3-0_3.46.1-1_arm64.deb ...
Unpacking libsqlite3-0:arm64 (3.46.1-1) ...
Preparing to unpack .../libsystemd-shared_257.2-1_arm64.deb ...
Unpacking libsystemd-shared:arm64 (257.2-1) ...
Preparing to unpack .../libtasn1-6_4.19.0-3+b3_arm64.deb ...
Unpacking libtasn1-6:arm64 (4.19.0-3+b3) ...
Preparing to unpack .../libunistring5_1.3-1_arm64.deb ...
Unpacking libunistring5:arm64 (1.3-1) ...
Preparing to unpack .../openssl_3.4.0-2_arm64.deb ...
Unpacking openssl (3.4.0-2) ...
Preparing to unpack .../pinentry-curses_1.3.1-2_arm64.deb ...
Unpacking pinentry-curses (1.3.1-2) ...
Preparing to unpack .../readline-common_8.2-6_all.deb ...
Unpacking readline-common (8.2-6) ...
Preparing to unpack .../systemd_257.2-1_arm64.deb ...
Unpacking systemd (257.2-1) ...
Preparing to unpack .../wget_1.24.5-2_arm64.deb ...
Unpacking wget (1.24.5-2) ...
Processing triggers for libc-bin (2.40-3) ...
Setting up adduser (3.137) ...
Setting up libnpth0t64:arm64 (1.8-2) ...
Setting up libapparmor1:arm64 (3.1.7-1+b3) ...
Setting up libgpg-error0:arm64 (1.51-3) ...
Setting up libsqlite3-0:arm64 (3.46.1-1) ...
Setting up libgcrypt20:arm64 (1.11.0-7) ...
Setting up libsasl2-modules-db:arm64 (2.1.28+dfsg1-8+b1) ...
Setting up busybox-static (1:1.37.0-4) ...
Setting up gnupg-l10n (2.2.46-1) ...
Setting up libunistring5:arm64 (1.3-1) ...
Setting up libsystemd-shared:arm64 (257.2-1) ...
Setting up libncursesw6:arm64 (6.5-2+b1) ...
Setting up libsasl2-2:arm64 (2.1.28+dfsg1-8+b1) ...
Setting up libffi8:arm64 (3.4.6-1) ...
Setting up libassuan9:arm64 (3.0.1-2) ...
Setting up libtasn1-6:arm64 (4.19.0-3+b3) ...
Setting up openssl (3.4.0-2) ...
Setting up readline-common (8.2-6) ...
Setting up libldap2:arm64 (2.6.9+dfsg-1) ...
Setting up libksba8:arm64 (1.6.7-2+b1) ...
Setting up pinentry-curses (1.3.1-2) ...
Setting up systemd (257.2-1) ...
Created symlink '/etc/systemd/system/getty.target.wants/getty@tty1.service' -> '/usr/lib/systemd/system/getty@.service'.
Created symlink '/etc/systemd/system/multi-user.target.wants/remote-fs.target' -> '/usr/lib/systemd/system/remote-fs.target'.
Created symlink '/etc/systemd/system/sysinit.target.wants/systemd-pstore.service' -> '/usr/lib/systemd/system/systemd-pstore.service'.
Initializing machine ID from random generator.
Creating group 'systemd-journal' with GID 999.
Creating group 'systemd-network' with GID 998.
Creating user 'systemd-network' (systemd Network Management) with UID 998 and GID 998.
/usr/lib/tmpfiles.d/legacy.conf:14: Duplicate line for path "/run/lock", ignoring.
Setting up libidn2-0:arm64 (2.3.7-2+b1) ...
Setting up ca-certificates (20241223) ...
Updating certificates in /etc/ssl/certs...
152 added, 0 removed; done.
Setting up libp11-kit0:arm64 (0.25.5-3) ...
Setting up libreadline8t64:arm64 (8.2-6) ...
Setting up gpgconf (2.2.46-1+b1) ...
Setting up gpg (2.2.46-1+b1) ...
Setting up libgnutls30t64:arm64 (3.8.8-2) ...
Setting up gpg-agent (2.2.46-1+b1) ...
Created symlink '/etc/systemd/user/sockets.target.wants/gpg-agent-browser.socket' -> '/usr/lib/systemd/user/gpg-agent-browser.socket'.
Created symlink '/etc/systemd/user/sockets.target.wants/gpg-agent-extra.socket' -> '/usr/lib/systemd/user/gpg-agent-extra.socket'.
Created symlink '/etc/systemd/user/sockets.target.wants/gpg-agent-ssh.socket' -> '/usr/lib/systemd/user/gpg-agent-ssh.socket'.
Created symlink '/etc/systemd/user/sockets.target.wants/gpg-agent.socket' -> '/usr/lib/systemd/user/gpg-agent.socket'.
Setting up gpgsm (2.2.46-1+b1) ...
Setting up libpsl5t64:arm64 (0.21.2-1.1+b1) ...
Setting up dirmngr (2.2.46-1+b1) ...
Created symlink '/etc/systemd/user/sockets.target.wants/dirmngr.socket' -> '/usr/lib/systemd/user/dirmngr.socket'.
Setting up gnupg (2.2.46-1) ...
Setting up wget (1.24.5-2) ...
Processing triggers for libc-bin (2.40-3) ...
Processing triggers for ca-certificates (20241223) ...
Updating certificates in /etc/ssl/certs...
0 added, 0 removed; done.
Running hooks in /etc/ca-certificates/update.d...
done.
