0 verbose cli /data/data/com.termux/files/usr/bin/node /data/data/com.termux/files/usr/bin/npm
1 info using npm@11.17.0
2 info using node@v24.17.0
3 silly config load:file:/data/data/com.termux/files/usr/lib/node_modules/npm/npmrc
4 silly config load:file:/data/data/com.termux/files/home/musicbot/addax/.npmrc
5 silly config load:file:/data/data/com.termux/files/home/.npmrc
6 silly config load:file:/data/data/com.termux/files/usr/etc/npmrc
7 verbose title npm install discord.js
8 verbose argv "install" "discord.js"
9 verbose logfile logs-max:10 dir:/data/data/com.termux/files/home/.npm/_logs/2026-06-19T17_35_00_567Z-
10 verbose logfile /data/data/com.termux/files/home/.npm/_logs/2026-06-19T17_35_00_567Z-debug-0.log
11 silly logfile done cleaning log files
12 silly packumentCache heap:1174405120 maxSize:293601280 maxEntrySize:146800640
13 silly idealTree buildDeps
14 silly fetch manifest discord.js@*
15 silly packumentCache full:https://registry.npmjs.org/discord.js cache-miss
16 http fetch GET 200 https://registry.npmjs.org/discord.js 849ms (cache revalidated)
17 silly packumentCache full:https://registry.npmjs.org/discord.js set size:8636826 disposed:false
18 silly placeDep ROOT discord.js@14.26.4 OK for: addax@1.0.0 want: *
19 silly fetch manifest tslib@^2.6.3
20 silly packumentCache full:https://registry.npmjs.org/tslib cache-miss
21 silly fetch manifest undici@6.24.1
22 silly packumentCache full:https://registry.npmjs.org/undici cache-miss
23 silly fetch manifest @discordjs/ws@^1.2.3
24 silly packumentCache full:https://registry.npmjs.org/@discordjs%2fws cache-miss
25 silly fetch manifest magic-bytes.js@^1.13.0
26 silly packumentCache full:https://registry.npmjs.org/magic-bytes.js cache-miss
27 silly fetch manifest @discordjs/rest@^2.6.1
28 silly packumentCache full:https://registry.npmjs.org/@discordjs%2frest cache-miss
29 silly fetch manifest @discordjs/util@^1.2.0
30 silly packumentCache full:https://registry.npmjs.org/@discordjs%2futil cache-miss
31 silly fetch manifest fast-deep-equal@3.1.3
32 silly packumentCache full:https://registry.npmjs.org/fast-deep-equal cache-miss
33 http fetch GET 200 https://registry.npmjs.org/undici 170ms (cache revalidated)
34 silly packumentCache full:https://registry.npmjs.org/undici set size:1450121 disposed:false
35 silly fetch manifest lodash.snakecase@4.1.1
36 silly packumentCache full:https://registry.npmjs.org/lodash.snakecase cache-miss
37 http fetch GET 200 https://registry.npmjs.org/tslib 359ms (cache revalidated)
38 silly packumentCache full:https://registry.npmjs.org/tslib set size:108843 disposed:false
39 silly fetch manifest discord-api-types@^0.38.40
40 silly packumentCache full:https://registry.npmjs.org/discord-api-types cache-miss
41 http fetch GET 200 https://registry.npmjs.org/lodash.snakecase 385ms (cache revalidated)
42 silly packumentCache full:https://registry.npmjs.org/lodash.snakecase set size:16878 disposed:false
43 silly fetch manifest @discordjs/builders@^1.14.1
44 silly packumentCache full:https://registry.npmjs.org/@discordjs%2fbuilders cache-miss
45 http fetch GET 200 https://registry.npmjs.org/magic-bytes.js 669ms (cache revalidated)
46 silly packumentCache full:https://registry.npmjs.org/magic-bytes.js set size:127104 disposed:false
47 silly fetch manifest @sapphire/snowflake@3.5.3
48 silly packumentCache full:https://registry.npmjs.org/@sapphire%2fsnowflake cache-miss
49 http fetch GET 200 https://registry.npmjs.org/fast-deep-equal 675ms (cache revalidated)
50 silly packumentCache full:https://registry.npmjs.org/fast-deep-equal set size:48634 disposed:false
51 silly fetch manifest @discordjs/collection@1.5.3
52 silly packumentCache full:https://registry.npmjs.org/@discordjs%2fcollection cache-miss
53 http fetch GET 200 https://registry.npmjs.org/discord-api-types 422ms (cache revalidated)
54 silly packumentCache full:https://registry.npmjs.org/discord-api-types set size:8253687 disposed:false
55 silly fetch manifest @discordjs/formatters@^0.6.2
56 silly packumentCache full:https://registry.npmjs.org/@discordjs%2fformatters cache-miss
57 http fetch GET 200 https://registry.npmjs.org/@discordjs%2futil 1121ms (cache revalidated)
58 silly packumentCache full:https://registry.npmjs.org/@discordjs%2futil set size:4427675 disposed:false
59 http fetch GET 200 https://registry.npmjs.org/@discordjs%2fws 1243ms (cache revalidated)
60 silly packumentCache full:https://registry.npmjs.org/@discordjs%2fws set size:5670009 disposed:false
61 http fetch GET 200 https://registry.npmjs.org/@discordjs%2frest 1554ms (cache revalidated)
62 silly packumentCache full:https://registry.npmjs.org/@discordjs%2frest set size:6111145 disposed:false
63 http fetch GET 200 https://registry.npmjs.org/@sapphire%2fsnowflake 1255ms (cache revalidated)
64 silly packumentCache full:https://registry.npmjs.org/@sapphire%2fsnowflake set size:3056270 disposed:false
65 http fetch GET 200 https://registry.npmjs.org/@discordjs%2fformatters 1135ms (cache revalidated)
66 silly packumentCache full:https://registry.npmjs.org/@discordjs%2fformatters set size:3970852 disposed:false
67 http fetch GET 200 https://registry.npmjs.org/@discordjs%2fbuilders 1740ms (cache revalidated)
68 silly packumentCache full:https://registry.npmjs.org/@discordjs%2fbuilders set size:6025669 disposed:false
69 http fetch GET 200 https://registry.npmjs.org/@discordjs%2fcollection 1920ms (cache revalidated)
70 silly packumentCache full:https://registry.npmjs.org/@discordjs%2fcollection set size:5625637 disposed:false
71 silly placeDep ROOT @discordjs/builders@1.14.1 OK for: discord.js@14.26.4 want: ^1.14.1
72 silly placeDep ROOT @discordjs/collection@1.5.3 OK for: discord.js@14.26.4 want: 1.5.3
73 silly placeDep ROOT @discordjs/formatters@0.6.2 OK for: discord.js@14.26.4 want: ^0.6.2
74 silly placeDep ROOT @discordjs/rest@2.6.1 OK for: discord.js@14.26.4 want: ^2.6.1
75 silly placeDep ROOT @discordjs/util@1.2.0 OK for: discord.js@14.26.4 want: ^1.2.0
76 silly placeDep ROOT @discordjs/ws@1.2.3 OK for: discord.js@14.26.4 want: ^1.2.3
77 silly placeDep ROOT @sapphire/snowflake@3.5.3 OK for: discord.js@14.26.4 want: 3.5.3
78 silly placeDep ROOT discord-api-types@0.38.49 OK for: discord.js@14.26.4 want: ^0.38.40
79 silly placeDep ROOT fast-deep-equal@3.1.3 OK for: discord.js@14.26.4 want: 3.1.3
80 silly placeDep ROOT lodash.snakecase@4.1.1 OK for: discord.js@14.26.4 want: 4.1.1
81 silly placeDep ROOT magic-bytes.js@1.13.0 OK for: discord.js@14.26.4 want: ^1.13.0
82 silly placeDep ROOT tslib@2.8.1 OK for: discord.js@14.26.4 want: ^2.6.3
83 silly placeDep ROOT undici@6.24.1 OK for: discord.js@14.26.4 want: 6.24.1
84 silly fetch manifest ts-mixer@^6.0.4
85 silly packumentCache full:https://registry.npmjs.org/ts-mixer cache-miss
86 silly fetch manifest fast-deep-equal@^3.1.3
87 silly packumentCache full:https://registry.npmjs.org/fast-deep-equal cache-hit
88 silly fetch manifest @sapphire/shapeshift@^4.0.0
89 silly packumentCache full:https://registry.npmjs.org/@sapphire%2fshapeshift cache-miss
90 silly fetch manifest discord-api-types@^0.38.33
91 silly packumentCache full:https://registry.npmjs.org/discord-api-types cache-miss
92 silly fetch manifest @sapphire/snowflake@^3.5.5
93 silly packumentCache full:https://registry.npmjs.org/@sapphire%2fsnowflake cache-miss
94 silly fetch manifest @discordjs/collection@^2.1.1
95 silly packumentCache full:https://registry.npmjs.org/@discordjs%2fcollection cache-miss
96 silly fetch manifest @sapphire/async-queue@^1.5.3
97 silly packumentCache full:https://registry.npmjs.org/@sapphire%2fasync-queue cache-miss
98 silly fetch manifest @vladfrangu/async_event_emitter@^2.4.6
99 silly packumentCache full:https://registry.npmjs.org/@vladfrangu%2fasync_event_emitter cache-miss
100 http cache https://registry.npmjs.org/@sapphire%2fsnowflake 68ms (cache hit)
101 silly packumentCache full:https://registry.npmjs.org/@sapphire%2fsnowflake set size:3056270 disposed:false
102 silly fetch manifest discord-api-types@^0.38.33
103 silly packumentCache full:https://registry.npmjs.org/discord-api-types cache-miss
104 http cache https://registry.npmjs.org/discord-api-types 199ms (cache hit)
105 silly packumentCache full:https://registry.npmjs.org/discord-api-types set size:8253687 disposed:false
106 silly fetch manifest ws@^8.17.0
107 silly packumentCache full:https://registry.npmjs.org/ws cache-miss
108 http cache https://registry.npmjs.org/@discordjs%2fcollection 589ms (cache hit)
109 silly packumentCache full:https://registry.npmjs.org/@discordjs%2fcollection set size:5625637 disposed:false
110 silly fetch manifest tslib@^2.6.2
111 silly packumentCache full:https://registry.npmjs.org/tslib cache-hit
112 silly fetch manifest @types/ws@^8.5.10
113 silly packumentCache full:https://registry.npmjs.org/@types%2fws cache-miss
114 http fetch GET 200 https://registry.npmjs.org/ts-mixer 1154ms (cache revalidated)
115 silly packumentCache full:https://registry.npmjs.org/ts-mixer set size:186053 disposed:false
116 silly fetch manifest discord-api-types@^0.38.1
117 silly packumentCache full:https://registry.npmjs.org/discord-api-types cache-miss
118 http fetch GET 200 https://registry.npmjs.org/@vladfrangu%2fasync_event_emitter 1158ms (cache revalidated)
119 silly packumentCache full:https://registry.npmjs.org/@vladfrangu%2fasync_event_emitter set size:290320 disposed:false
120 silly fetch manifest @discordjs/collection@^2.1.0
121 silly packumentCache full:https://registry.npmjs.org/@discordjs%2fcollection cache-miss
122 http fetch GET 200 https://registry.npmjs.org/@sapphire%2fshapeshift 1207ms (cache revalidated)
123 silly packumentCache full:https://registry.npmjs.org/@sapphire%2fshapeshift set size:2120584 disposed:false
124 silly fetch manifest @sapphire/async-queue@^1.5.2
125 silly packumentCache full:https://registry.npmjs.org/@sapphire%2fasync-queue cache-miss
126 http fetch GET 200 https://registry.npmjs.org/@sapphire%2fasync-queue 1310ms (cache revalidated)
127 silly packumentCache full:https://registry.npmjs.org/@sapphire%2fasync-queue set size:2902259 disposed:false
128 silly fetch manifest @vladfrangu/async_event_emitter@^2.2.4
129 silly packumentCache full:https://registry.npmjs.org/@vladfrangu%2fasync_event_emitter cache-hit
130 http cache https://registry.npmjs.org/discord-api-types 1273ms (cache hit)
131 silly packumentCache full:https://registry.npmjs.org/discord-api-types set size:8253687 disposed:false
132 http cache https://registry.npmjs.org/@sapphire%2fasync-queue 295ms (cache hit)
133 silly packumentCache full:https://registry.npmjs.org/@sapphire%2fasync-queue set size:2902259 disposed:false
134 http cache https://registry.npmjs.org/discord-api-types 521ms (cache hit)
135 silly packumentCache full:https://registry.npmjs.org/discord-api-types set size:8253687 disposed:false
136 http cache https://registry.npmjs.org/@discordjs%2fcollection 726ms (cache hit)
137 silly packumentCache full:https://registry.npmjs.org/@discordjs%2fcollection set size:5625637 disposed:false
138 http fetch GET 200 https://registry.npmjs.org/ws 1495ms (cache revalidated)
139 silly packumentCache full:https://registry.npmjs.org/ws set size:427091 disposed:false
140 http fetch GET 200 https://registry.npmjs.org/@types%2fws 1408ms (cache revalidated)
141 silly packumentCache full:https://registry.npmjs.org/@types%2fws set size:167959 disposed:false
142 silly placeDep ROOT @sapphire/shapeshift@4.0.0 OK for: @discordjs/builders@1.14.1 want: ^4.0.0
143 silly placeDep ROOT ts-mixer@6.0.4 OK for: @discordjs/builders@1.14.1 want: ^6.0.4
144 silly fetch manifest lodash@^4.17.21
145 silly packumentCache full:https://registry.npmjs.org/lodash cache-miss
146 http fetch GET 200 https://registry.npmjs.org/lodash 87ms (cache revalidated)
147 silly packumentCache full:https://registry.npmjs.org/lodash set size:247652 disposed:false
148 silly placeDep node_modules/@discordjs/rest @discordjs/collection@2.1.1 OK for: @discordjs/rest@2.6.1 want: ^2.1.1
149 silly placeDep ROOT @sapphire/async-queue@1.5.5 OK for: @discordjs/rest@2.6.1 want: ^1.5.3
150 silly placeDep node_modules/@discordjs/rest @sapphire/snowflake@3.5.5 OK for: @discordjs/rest@2.6.1 want: ^3.5.5
151 silly placeDep ROOT @vladfrangu/async_event_emitter@2.4.7 OK for: @discordjs/rest@2.6.1 want: ^2.4.6
152 silly fetch manifest bufferutil@^4.0.1
153 silly packumentCache full:https://registry.npmjs.org/bufferutil cache-miss
154 http fetch GET 200 https://registry.npmjs.org/bufferutil 75ms (cache revalidated)
155 silly packumentCache full:https://registry.npmjs.org/bufferutil set size:52763 disposed:false
156 silly fetch manifest utf-8-validate@>=5.0.2
157 silly packumentCache full:https://registry.npmjs.org/utf-8-validate cache-miss
158 http fetch GET 200 https://registry.npmjs.org/utf-8-validate 94ms (cache revalidated)
159 silly packumentCache full:https://registry.npmjs.org/utf-8-validate set size:77148 disposed:false
160 silly placeDep node_modules/@discordjs/ws @discordjs/collection@2.1.1 OK for: @discordjs/ws@1.2.3 want: ^2.1.0
161 silly placeDep ROOT @types/ws@8.18.1 OK for: @discordjs/ws@1.2.3 want: ^8.5.10
162 silly placeDep ROOT ws@8.21.0 OK for: @discordjs/ws@1.2.3 want: ^8.17.0
163 silly fetch manifest @types/node@*
164 silly packumentCache full:https://registry.npmjs.org/@types%2fnode cache-miss
165 http fetch GET 200 https://registry.npmjs.org/@types%2fnode 165ms (cache revalidated)
166 silly packumentCache full:https://registry.npmjs.org/@types%2fnode set size:11055511 disposed:false
167 silly placeDep ROOT lodash@4.18.1 OK for: @sapphire/shapeshift@4.0.0 want: ^4.17.21
168 silly placeDep ROOT @types/node@26.0.0 OK for: @types/ws@8.18.1 want: *
169 silly fetch manifest undici-types@~8.3.0
170 silly packumentCache full:https://registry.npmjs.org/undici-types cache-miss
171 http fetch GET 200 https://registry.npmjs.org/undici-types 104ms (cache revalidated)
172 silly packumentCache full:https://registry.npmjs.org/undici-types set size:234918 disposed:false
173 silly placeDep ROOT undici-types@8.3.0 OK for: @types/node@26.0.0 want: ~8.3.0
174 silly reify moves {}
175 silly audit bulk request {
175 silly audit   'discord.js': [ '14.26.4' ],
175 silly audit   '@discordjs/builders': [ '1.14.1' ],
175 silly audit   '@discordjs/collection': [ '1.5.3', '2.1.1' ],
175 silly audit   '@discordjs/formatters': [ '0.6.2' ],
175 silly audit   '@discordjs/rest': [ '2.6.1' ],
175 silly audit   '@discordjs/util': [ '1.2.0' ],
175 silly audit   '@discordjs/ws': [ '1.2.3' ],
175 silly audit   '@sapphire/snowflake': [ '3.5.3', '3.5.5' ],
175 silly audit   'discord-api-types': [ '0.38.49' ],
175 silly audit   'fast-deep-equal': [ '3.1.3' ],
175 silly audit   'lodash.snakecase': [ '4.1.1' ],
175 silly audit   'magic-bytes.js': [ '1.13.0' ],
175 silly audit   tslib: [ '2.8.1' ],
175 silly audit   undici: [ '6.24.1' ],
175 silly audit   '@sapphire/shapeshift': [ '4.0.0' ],
175 silly audit   'ts-mixer': [ '6.0.4' ],
175 silly audit   '@sapphire/async-queue': [ '1.5.5' ],
175 silly audit   '@vladfrangu/async_event_emitter': [ '2.4.7' ],
175 silly audit   '@types/ws': [ '8.18.1' ],
175 silly audit   ws: [ '8.21.0' ],
175 silly audit   lodash: [ '4.18.1' ],
175 silly audit   '@types/node': [ '26.0.0' ],
175 silly audit   'undici-types': [ '8.3.0' ]
175 silly audit }
176 http cache lodash@https://registry.npmjs.org/lodash/-/lodash-4.18.1.tgz 0ms (cache hit)
177 http cache @types/node@https://registry.npmjs.org/@types/node/-/node-26.0.0.tgz 0ms (cache hit)
178 http cache undici-types@https://registry.npmjs.org/undici-types/-/undici-types-8.3.0.tgz 0ms (cache hit)
179 http cache ws@https://registry.npmjs.org/ws/-/ws-8.21.0.tgz 0ms (cache hit)
180 http cache @sapphire/async-queue@https://registry.npmjs.org/@sapphire/async-queue/-/async-queue-1.5.5.tgz 0ms (cache hit)
181 http cache @types/ws@https://registry.npmjs.org/@types/ws/-/ws-8.18.1.tgz 0ms (cache hit)
182 http cache ts-mixer@https://registry.npmjs.org/ts-mixer/-/ts-mixer-6.0.4.tgz 0ms (cache hit)
183 http cache @vladfrangu/async_event_emitter@https://registry.npmjs.org/@vladfrangu/async_event_emitter/-/async_event_emitter-2.4.7.tgz 0ms (cache hit)
184 http cache undici@https://registry.npmjs.org/undici/-/undici-6.24.1.tgz 0ms (cache hit)
185 http cache lodash.snakecase@https://registry.npmjs.org/lodash.snakecase/-/lodash.snakecase-4.1.1.tgz 0ms (cache hit)
186 http cache @sapphire/shapeshift@https://registry.npmjs.org/@sapphire/shapeshift/-/shapeshift-4.0.0.tgz 0ms (cache hit)
187 http cache magic-bytes.js@https://registry.npmjs.org/magic-bytes.js/-/magic-bytes.js-1.13.0.tgz 0ms (cache hit)
188 http cache tslib@https://registry.npmjs.org/tslib/-/tslib-2.8.1.tgz 0ms (cache hit)
189 http cache fast-deep-equal@https://registry.npmjs.org/fast-deep-equal/-/fast-deep-equal-3.1.3.tgz 0ms (cache hit)
190 http cache @sapphire/snowflake@https://registry.npmjs.org/@sapphire/snowflake/-/snowflake-3.5.3.tgz 0ms (cache hit)
191 http cache @discordjs/ws@https://registry.npmjs.org/@discordjs/ws/-/ws-1.2.3.tgz 0ms (cache hit)
192 http cache @discordjs/rest@https://registry.npmjs.org/@discordjs/rest/-/rest-2.6.1.tgz 0ms (cache hit)
193 http cache discord-api-types@https://registry.npmjs.org/discord-api-types/-/discord-api-types-0.38.49.tgz 0ms (cache hit)
194 http cache @discordjs/formatters@https://registry.npmjs.org/@discordjs/formatters/-/formatters-0.6.2.tgz 0ms (cache hit)
195 http cache @discordjs/collection@https://registry.npmjs.org/@discordjs/collection/-/collection-1.5.3.tgz 0ms (cache hit)
196 http cache @discordjs/util@https://registry.npmjs.org/@discordjs/util/-/util-1.2.0.tgz 0ms (cache hit)
197 http cache discord.js@https://registry.npmjs.org/discord.js/-/discord.js-14.26.4.tgz 0ms (cache hit)
198 http cache @discordjs/collection@https://registry.npmjs.org/@discordjs/collection/-/collection-2.1.1.tgz 0ms (cache hit)
199 http cache @discordjs/builders@https://registry.npmjs.org/@discordjs/builders/-/builders-1.14.1.tgz 0ms (cache hit)
200 http cache @sapphire/snowflake@https://registry.npmjs.org/@sapphire/snowflake/-/snowflake-3.5.5.tgz 0ms (cache hit)
201 http cache @discordjs/collection@https://registry.npmjs.org/@discordjs/collection/-/collection-2.1.1.tgz 0ms (cache hit)
202 http fetch POST 200 https://registry.npmjs.org/-/npm/v1/security/advisories/bulk 485ms
203 silly audit report {
203 silly audit report   undici: [
203 silly audit report     {
203 silly audit report       id: 1121242,
203 silly audit report       url: 'https://github.com/advisories/GHSA-p88m-4jfj-68fv',
203 silly audit report       title: 'undici vulnerable to HTTP header injection via Set-Cookie percent-decoding',
203 silly audit report       severity: 'moderate',
203 silly audit report       vulnerable_versions: '<6.27.0',
203 silly audit report       cwe: [Array],
203 silly audit report       cvss: [Object]
203 silly audit report     },
203 silly audit report     {
203 silly audit report       id: 1121245,
203 silly audit report       url: 'https://github.com/advisories/GHSA-vxpw-j846-p89q',
203 silly audit report       title: 'undici WebSocket client vulnerable to denial of service via fragment count bypass',
203 silly audit report       severity: 'high',
203 silly audit report       vulnerable_versions: '<6.27.0',
203 silly audit report       cwe: [Array],
203 silly audit report       cvss: [Object]
203 silly audit report     },
203 silly audit report     {
203 silly audit report       id: 1121250,
203 silly audit report       url: 'https://github.com/advisories/GHSA-35p6-xmwp-9g52',
203 silly audit report       title: 'undici vulnerable to HTTP response queue poisoning via keep-alive socket reuse',
203 silly audit report       severity: 'low',
203 silly audit report       vulnerable_versions: '<6.27.0',
203 silly audit report       cwe: [Array],
203 silly audit report       cvss: [Object]
203 silly audit report     },
203 silly audit report     {
203 silly audit report       id: 1121255,
203 silly audit report       url: 'https://github.com/advisories/GHSA-g8m3-5g58-fq7m',
203 silly audit report       title: 'undici vulnerable to Set-Cookie SameSite attribute downgrade via permissive substring matching',
203 silly audit report       severity: 'low',
203 silly audit report       vulnerable_versions: '<6.27.0',
203 silly audit report       cwe: [Array],
203 silly audit report       cvss: [Object]
203 silly audit report     }
203 silly audit report   ]
203 silly audit report }
204 silly packumentCache corgi:https://registry.npmjs.org/undici cache-miss
205 http fetch GET 200 https://registry.npmjs.org/undici 750ms (cache revalidated)
206 silly packumentCache corgi:https://registry.npmjs.org/undici set size:446386 disposed:false
207 silly packumentCache corgi:https://registry.npmjs.org/discord.js cache-miss
208 silly packumentCache corgi:https://registry.npmjs.org/@discordjs%2frest cache-miss
209 http fetch GET 200 https://registry.npmjs.org/discord.js 388ms (cache revalidated)
210 silly packumentCache corgi:https://registry.npmjs.org/discord.js set size:4056287 disposed:false
211 http fetch GET 200 https://registry.npmjs.org/@discordjs%2frest 797ms (cache revalidated)
212 silly packumentCache corgi:https://registry.npmjs.org/@discordjs%2frest set size:2915276 disposed:false
213 silly packumentCache corgi:https://registry.npmjs.org/@discordjs%2fws cache-miss
214 http fetch GET 200 https://registry.npmjs.org/@discordjs%2fws 900ms (cache revalidated)
215 silly packumentCache corgi:https://registry.npmjs.org/@discordjs%2fws set size:2727937 disposed:false
216 silly ADD node_modules/undici-types
217 silly ADD node_modules/@types/node
218 silly ADD node_modules/lodash
219 silly ADD node_modules/ws
220 silly ADD node_modules/@types/ws
221 silly ADD node_modules/@vladfrangu/async_event_emitter
222 silly ADD node_modules/@sapphire/async-queue
223 silly ADD node_modules/ts-mixer
224 silly ADD node_modules/@sapphire/shapeshift
225 silly ADD node_modules/undici
226 silly ADD node_modules/tslib
227 silly ADD node_modules/magic-bytes.js
228 silly ADD node_modules/lodash.snakecase
229 silly ADD node_modules/fast-deep-equal
230 silly ADD node_modules/discord-api-types
231 silly ADD node_modules/@sapphire/snowflake
232 silly ADD node_modules/@discordjs/ws
233 silly ADD node_modules/@discordjs/ws/node_modules/@discordjs/collection
234 silly ADD node_modules/@discordjs/util
235 silly ADD node_modules/@discordjs/rest
236 silly ADD node_modules/@discordjs/rest/node_modules/@sapphire/snowflake
237 silly ADD node_modules/@discordjs/rest/node_modules/@discordjs/collection
238 silly ADD node_modules/@discordjs/formatters
239 silly ADD node_modules/@discordjs/collection
240 silly ADD node_modules/@discordjs/builders
241 silly ADD node_modules/discord.js
242 verbose cwd /data/data/com.termux/files/home/musicbot/addax
243 verbose os Linux 5.15.178-android13-8-g118aadbdd69d
244 verbose node v24.17.0
245 verbose npm  v11.17.0
246 verbose exit 0
247 info ok
