0 verbose cli /data/data/com.termux/files/usr/bin/node /data/data/com.termux/files/usr/bin/npm
1 info using npm@11.17.0
2 info using node@v24.17.0
3 silly config load:file:/data/data/com.termux/files/usr/lib/node_modules/npm/npmrc
4 silly config load:file:/data/data/com.termux/files/home/.npmrc
5 silly config load:file:/data/data/com.termux/files/usr/etc/npmrc
6 verbose title npm install discord.js
7 verbose argv "install" "discord.js"
8 verbose logfile logs-max:10 dir:/data/data/com.termux/files/home/.npm/_logs/2026-06-20T07_10_27_778Z-
9 verbose logfile /data/data/com.termux/files/home/.npm/_logs/2026-06-20T07_10_27_778Z-debug-0.log
10 silly logfile done cleaning log files
11 silly packumentCache heap:1174405120 maxSize:293601280 maxEntrySize:146800640
12 silly idealTree buildDeps
13 silly fetch manifest discord.js@*
14 silly packumentCache full:https://registry.npmjs.org/discord.js cache-miss
15 http fetch GET 200 https://registry.npmjs.org/discord.js 1087ms (cache revalidated)
16 silly packumentCache full:https://registry.npmjs.org/discord.js set size:8636826 disposed:false
17 silly placeDep ROOT discord.js@14.26.4 OK for: home@1.0.0 want: *
18 silly fetch manifest tslib@^2.6.3
19 silly packumentCache full:https://registry.npmjs.org/tslib cache-miss
20 silly fetch manifest undici@6.24.1
21 silly packumentCache full:https://registry.npmjs.org/undici cache-miss
22 silly fetch manifest @discordjs/ws@^1.2.3
23 silly packumentCache full:https://registry.npmjs.org/@discordjs%2fws cache-miss
24 silly fetch manifest magic-bytes.js@^1.13.0
25 silly packumentCache full:https://registry.npmjs.org/magic-bytes.js cache-miss
26 silly fetch manifest @discordjs/rest@^2.6.1
27 silly packumentCache full:https://registry.npmjs.org/@discordjs%2frest cache-miss
28 silly fetch manifest @discordjs/util@^1.2.0
29 silly packumentCache full:https://registry.npmjs.org/@discordjs%2futil cache-miss
30 silly fetch manifest fast-deep-equal@3.1.3
31 silly packumentCache full:https://registry.npmjs.org/fast-deep-equal cache-miss
32 http fetch GET 200 https://registry.npmjs.org/tslib 229ms (cache revalidated)
33 silly packumentCache full:https://registry.npmjs.org/tslib set size:108843 disposed:false
34 silly fetch manifest lodash.snakecase@4.1.1
35 silly packumentCache full:https://registry.npmjs.org/lodash.snakecase cache-miss
36 http fetch GET 200 https://registry.npmjs.org/lodash.snakecase 721ms (cache revalidated)
37 silly packumentCache full:https://registry.npmjs.org/lodash.snakecase set size:16878 disposed:false
38 silly fetch manifest discord-api-types@^0.38.40
39 silly packumentCache full:https://registry.npmjs.org/discord-api-types cache-miss
40 http fetch GET 200 https://registry.npmjs.org/undici 1176ms (cache revalidated)
41 silly packumentCache full:https://registry.npmjs.org/undici set size:1450121 disposed:false
42 silly fetch manifest @discordjs/builders@^1.14.1
43 silly packumentCache full:https://registry.npmjs.org/@discordjs%2fbuilders cache-miss
44 http fetch GET 200 https://registry.npmjs.org/fast-deep-equal 1218ms (cache revalidated)
45 silly packumentCache full:https://registry.npmjs.org/fast-deep-equal set size:48634 disposed:false
46 silly fetch manifest @sapphire/snowflake@3.5.3
47 silly packumentCache full:https://registry.npmjs.org/@sapphire%2fsnowflake cache-miss
48 http fetch GET 200 https://registry.npmjs.org/magic-bytes.js 1399ms (cache revalidated)
49 silly packumentCache full:https://registry.npmjs.org/magic-bytes.js set size:127104 disposed:false
50 silly fetch manifest @discordjs/collection@1.5.3
51 silly packumentCache full:https://registry.npmjs.org/@discordjs%2fcollection cache-miss
52 http fetch GET 200 https://registry.npmjs.org/discord-api-types 678ms (cache revalidated)
53 silly packumentCache full:https://registry.npmjs.org/discord-api-types set size:8253687 disposed:false
54 silly fetch manifest @discordjs/formatters@^0.6.2
55 silly packumentCache full:https://registry.npmjs.org/@discordjs%2fformatters cache-miss
56 http fetch GET 200 https://registry.npmjs.org/@discordjs%2futil 1882ms (cache revalidated)
57 silly packumentCache full:https://registry.npmjs.org/@discordjs%2futil set size:4427675 disposed:false
58 http fetch GET 200 https://registry.npmjs.org/@discordjs%2frest 2074ms (cache revalidated)
59 silly packumentCache full:https://registry.npmjs.org/@discordjs%2frest set size:6111145 disposed:false
60 http fetch GET 200 https://registry.npmjs.org/@discordjs%2fws 2296ms (cache revalidated)
61 silly packumentCache full:https://registry.npmjs.org/@discordjs%2fws set size:5670009 disposed:false
62 http fetch GET 200 https://registry.npmjs.org/@sapphire%2fsnowflake 1274ms (cache revalidated)
63 silly packumentCache full:https://registry.npmjs.org/@sapphire%2fsnowflake set size:3056270 disposed:false
64 http fetch GET 200 https://registry.npmjs.org/@discordjs%2fcollection 1185ms (cache revalidated)
65 silly packumentCache full:https://registry.npmjs.org/@discordjs%2fcollection set size:5625637 disposed:false
66 http fetch GET 200 https://registry.npmjs.org/@discordjs%2fbuilders 1576ms (cache revalidated)
67 silly packumentCache full:https://registry.npmjs.org/@discordjs%2fbuilders set size:6025669 disposed:false
68 http fetch GET 200 https://registry.npmjs.org/@discordjs%2fformatters 1145ms (cache revalidated)
69 silly packumentCache full:https://registry.npmjs.org/@discordjs%2fformatters set size:3970852 disposed:false
70 silly placeDep ROOT @discordjs/builders@1.14.1 OK for: discord.js@14.26.4 want: ^1.14.1
71 silly placeDep ROOT @discordjs/collection@1.5.3 OK for: discord.js@14.26.4 want: 1.5.3
72 silly placeDep ROOT @discordjs/formatters@0.6.2 OK for: discord.js@14.26.4 want: ^0.6.2
73 silly placeDep ROOT @discordjs/rest@2.6.1 OK for: discord.js@14.26.4 want: ^2.6.1
74 silly placeDep ROOT @discordjs/util@1.2.0 OK for: discord.js@14.26.4 want: ^1.2.0
75 silly placeDep ROOT @discordjs/ws@1.2.3 OK for: discord.js@14.26.4 want: ^1.2.3
76 silly placeDep ROOT @sapphire/snowflake@3.5.3 OK for: discord.js@14.26.4 want: 3.5.3
77 silly placeDep ROOT discord-api-types@0.38.49 OK for: discord.js@14.26.4 want: ^0.38.40
78 silly placeDep ROOT fast-deep-equal@3.1.3 OK for: discord.js@14.26.4 want: 3.1.3
79 silly placeDep ROOT lodash.snakecase@4.1.1 OK for: discord.js@14.26.4 want: 4.1.1
80 silly placeDep ROOT magic-bytes.js@1.13.0 OK for: discord.js@14.26.4 want: ^1.13.0
81 silly placeDep ROOT tslib@2.8.1 OK for: discord.js@14.26.4 want: ^2.6.3
82 silly placeDep ROOT undici@6.24.1 OK for: discord.js@14.26.4 want: 6.24.1
83 silly fetch manifest ts-mixer@^6.0.4
84 silly packumentCache full:https://registry.npmjs.org/ts-mixer cache-miss
85 silly fetch manifest fast-deep-equal@^3.1.3
86 silly packumentCache full:https://registry.npmjs.org/fast-deep-equal cache-hit
87 silly fetch manifest @sapphire/shapeshift@^4.0.0
88 silly packumentCache full:https://registry.npmjs.org/@sapphire%2fshapeshift cache-miss
89 silly fetch manifest discord-api-types@^0.38.33
90 silly packumentCache full:https://registry.npmjs.org/discord-api-types cache-miss
91 silly fetch manifest @sapphire/snowflake@^3.5.5
92 silly packumentCache full:https://registry.npmjs.org/@sapphire%2fsnowflake cache-miss
93 silly fetch manifest @discordjs/collection@^2.1.1
94 silly packumentCache full:https://registry.npmjs.org/@discordjs%2fcollection cache-miss
95 silly fetch manifest @sapphire/async-queue@^1.5.3
96 silly packumentCache full:https://registry.npmjs.org/@sapphire%2fasync-queue cache-miss
97 silly fetch manifest @vladfrangu/async_event_emitter@^2.4.6
98 silly packumentCache full:https://registry.npmjs.org/@vladfrangu%2fasync_event_emitter cache-miss
99 http cache https://registry.npmjs.org/@sapphire%2fsnowflake 61ms (cache hit)
100 silly packumentCache full:https://registry.npmjs.org/@sapphire%2fsnowflake set size:3056270 disposed:false
101 silly fetch manifest discord-api-types@^0.38.33
102 silly packumentCache full:https://registry.npmjs.org/discord-api-types cache-miss
103 http cache https://registry.npmjs.org/@discordjs%2fcollection 141ms (cache hit)
104 silly packumentCache full:https://registry.npmjs.org/@discordjs%2fcollection set size:5625637 disposed:false
105 silly fetch manifest ws@^8.17.0
106 silly packumentCache full:https://registry.npmjs.org/ws cache-miss
107 http cache https://registry.npmjs.org/discord-api-types 358ms (cache hit)
108 silly packumentCache full:https://registry.npmjs.org/discord-api-types set size:8253687 disposed:false
109 silly fetch manifest tslib@^2.6.2
110 silly packumentCache full:https://registry.npmjs.org/tslib cache-hit
111 silly fetch manifest @types/ws@^8.5.10
112 silly packumentCache full:https://registry.npmjs.org/@types%2fws cache-miss
113 http fetch GET 200 https://registry.npmjs.org/ts-mixer 556ms (cache revalidated)
114 silly packumentCache full:https://registry.npmjs.org/ts-mixer set size:186053 disposed:false
115 silly fetch manifest discord-api-types@^0.38.1
116 silly packumentCache full:https://registry.npmjs.org/discord-api-types cache-miss
117 http cache https://registry.npmjs.org/discord-api-types 461ms (cache hit)
118 silly packumentCache full:https://registry.npmjs.org/discord-api-types set size:8253687 disposed:false
119 silly fetch manifest @discordjs/collection@^2.1.0
120 silly packumentCache full:https://registry.npmjs.org/@discordjs%2fcollection cache-miss
121 http cache https://registry.npmjs.org/@discordjs%2fcollection 53ms (cache hit)
122 silly packumentCache full:https://registry.npmjs.org/@discordjs%2fcollection set size:5625637 disposed:false
123 silly fetch manifest @sapphire/async-queue@^1.5.2
124 silly packumentCache full:https://registry.npmjs.org/@sapphire%2fasync-queue cache-miss
125 http cache https://registry.npmjs.org/discord-api-types 451ms (cache hit)
126 silly packumentCache full:https://registry.npmjs.org/discord-api-types set size:8253687 disposed:false
127 silly fetch manifest @vladfrangu/async_event_emitter@^2.2.4
128 silly packumentCache full:https://registry.npmjs.org/@vladfrangu%2fasync_event_emitter cache-miss
129 http fetch GET 200 https://registry.npmjs.org/ws 873ms (cache revalidated)
130 silly packumentCache full:https://registry.npmjs.org/ws set size:427091 disposed:false
131 http fetch GET 200 https://registry.npmjs.org/@vladfrangu%2fasync_event_emitter 1209ms (cache revalidated)
132 silly packumentCache full:https://registry.npmjs.org/@vladfrangu%2fasync_event_emitter set size:290320 disposed:false
133 http fetch GET 200 https://registry.npmjs.org/@sapphire%2fshapeshift 1241ms (cache revalidated)
134 silly packumentCache full:https://registry.npmjs.org/@sapphire%2fshapeshift set size:2120584 disposed:false
135 http fetch GET 200 https://registry.npmjs.org/@sapphire%2fasync-queue 1293ms (cache revalidated)
136 silly packumentCache full:https://registry.npmjs.org/@sapphire%2fasync-queue set size:2902259 disposed:false
137 http fetch GET 200 https://registry.npmjs.org/@types%2fws 838ms (cache revalidated)
138 silly packumentCache full:https://registry.npmjs.org/@types%2fws set size:167959 disposed:false
139 http fetch GET 200 https://registry.npmjs.org/@sapphire%2fasync-queue 608ms (cache revalidated)
140 silly packumentCache full:https://registry.npmjs.org/@sapphire%2fasync-queue set size:2902259 disposed:false
141 http fetch GET 200 https://registry.npmjs.org/@vladfrangu%2fasync_event_emitter 1452ms (cache revalidated)
142 silly packumentCache full:https://registry.npmjs.org/@vladfrangu%2fasync_event_emitter set size:290320 disposed:false
143 silly packumentCache full:https://registry.npmjs.org/@vladfrangu%2fasync_event_emitter dispose
144 silly placeDep ROOT @sapphire/shapeshift@4.0.0 OK for: @discordjs/builders@1.14.1 want: ^4.0.0
145 silly placeDep ROOT ts-mixer@6.0.4 OK for: @discordjs/builders@1.14.1 want: ^6.0.4
146 silly fetch manifest lodash@^4.17.21
147 silly packumentCache full:https://registry.npmjs.org/lodash cache-miss
148 http fetch GET 200 https://registry.npmjs.org/lodash 288ms (cache updated)
149 silly packumentCache full:https://registry.npmjs.org/lodash set size:undefined disposed:false
150 silly placeDep node_modules/@discordjs/rest @discordjs/collection@2.1.1 OK for: @discordjs/rest@2.6.1 want: ^2.1.1
151 silly placeDep ROOT @sapphire/async-queue@1.5.5 OK for: @discordjs/rest@2.6.1 want: ^1.5.3
152 silly placeDep node_modules/@discordjs/rest @sapphire/snowflake@3.5.5 OK for: @discordjs/rest@2.6.1 want: ^3.5.5
153 silly placeDep ROOT @vladfrangu/async_event_emitter@2.4.7 OK for: @discordjs/rest@2.6.1 want: ^2.4.6
154 silly fetch manifest bufferutil@^4.0.1
155 silly packumentCache full:https://registry.npmjs.org/bufferutil cache-miss
156 http fetch GET 200 https://registry.npmjs.org/bufferutil 167ms (cache revalidated)
157 silly packumentCache full:https://registry.npmjs.org/bufferutil set size:52763 disposed:false
158 silly fetch manifest utf-8-validate@>=5.0.2
159 silly packumentCache full:https://registry.npmjs.org/utf-8-validate cache-miss
160 http fetch GET 200 https://registry.npmjs.org/utf-8-validate 459ms (cache revalidated)
161 silly packumentCache full:https://registry.npmjs.org/utf-8-validate set size:77148 disposed:false
162 silly placeDep node_modules/@discordjs/ws @discordjs/collection@2.1.1 OK for: @discordjs/ws@1.2.3 want: ^2.1.0
163 silly placeDep ROOT @types/ws@8.18.1 OK for: @discordjs/ws@1.2.3 want: ^8.5.10
164 silly placeDep ROOT ws@8.21.0 OK for: @discordjs/ws@1.2.3 want: ^8.17.0
165 silly fetch manifest @types/node@*
166 silly packumentCache full:https://registry.npmjs.org/@types%2fnode cache-miss
167 http fetch GET 200 https://registry.npmjs.org/@types%2fnode 569ms (cache revalidated)
168 silly packumentCache full:https://registry.npmjs.org/@types%2fnode set size:11055511 disposed:false
169 silly placeDep ROOT lodash@4.18.1 OK for: @sapphire/shapeshift@4.0.0 want: ^4.17.21
170 silly placeDep ROOT @types/node@26.0.0 OK for: @types/ws@8.18.1 want: *
171 silly fetch manifest undici-types@~8.3.0
172 silly packumentCache full:https://registry.npmjs.org/undici-types cache-miss
173 http fetch GET 200 https://registry.npmjs.org/undici-types 155ms (cache revalidated)
174 silly packumentCache full:https://registry.npmjs.org/undici-types set size:234918 disposed:false
175 silly placeDep ROOT undici-types@8.3.0 OK for: @types/node@26.0.0 want: ~8.3.0
176 silly reify moves {}
177 silly audit bulk request {
177 silly audit   'discord.js': [ '14.26.4' ],
177 silly audit   '@discordjs/builders': [ '1.14.1' ],
177 silly audit   '@discordjs/collection': [ '1.5.3', '2.1.1' ],
177 silly audit   '@discordjs/formatters': [ '0.6.2' ],
177 silly audit   '@discordjs/rest': [ '2.6.1' ],
177 silly audit   '@discordjs/util': [ '1.2.0' ],
177 silly audit   '@discordjs/ws': [ '1.2.3' ],
177 silly audit   '@sapphire/snowflake': [ '3.5.3', '3.5.5' ],
177 silly audit   'discord-api-types': [ '0.38.49' ],
177 silly audit   'fast-deep-equal': [ '3.1.3' ],
177 silly audit   'lodash.snakecase': [ '4.1.1' ],
177 silly audit   'magic-bytes.js': [ '1.13.0' ],
177 silly audit   tslib: [ '2.8.1' ],
177 silly audit   undici: [ '6.24.1' ],
177 silly audit   '@sapphire/shapeshift': [ '4.0.0' ],
177 silly audit   'ts-mixer': [ '6.0.4' ],
177 silly audit   '@sapphire/async-queue': [ '1.5.5' ],
177 silly audit   '@vladfrangu/async_event_emitter': [ '2.4.7' ],
177 silly audit   '@types/ws': [ '8.18.1' ],
177 silly audit   ws: [ '8.21.0' ],
177 silly audit   lodash: [ '4.18.1' ],
177 silly audit   '@types/node': [ '26.0.0' ],
177 silly audit   'undici-types': [ '8.3.0' ]
177 silly audit }
178 http cache @types/node@https://registry.npmjs.org/@types/node/-/node-26.0.0.tgz 0ms (cache hit)
179 http cache lodash@https://registry.npmjs.org/lodash/-/lodash-4.18.1.tgz 0ms (cache hit)
180 http cache @types/ws@https://registry.npmjs.org/@types/ws/-/ws-8.18.1.tgz 0ms (cache hit)
181 http cache @vladfrangu/async_event_emitter@https://registry.npmjs.org/@vladfrangu/async_event_emitter/-/async_event_emitter-2.4.7.tgz 0ms (cache hit)
182 http cache ws@https://registry.npmjs.org/ws/-/ws-8.21.0.tgz 0ms (cache hit)
183 http cache @sapphire/async-queue@https://registry.npmjs.org/@sapphire/async-queue/-/async-queue-1.5.5.tgz 0ms (cache hit)
184 http cache @sapphire/shapeshift@https://registry.npmjs.org/@sapphire/shapeshift/-/shapeshift-4.0.0.tgz 0ms (cache hit)
185 http cache tslib@https://registry.npmjs.org/tslib/-/tslib-2.8.1.tgz 0ms (cache hit)
186 http cache magic-bytes.js@https://registry.npmjs.org/magic-bytes.js/-/magic-bytes.js-1.13.0.tgz 0ms (cache hit)
187 http cache lodash.snakecase@https://registry.npmjs.org/lodash.snakecase/-/lodash.snakecase-4.1.1.tgz 0ms (cache hit)
188 http cache ts-mixer@https://registry.npmjs.org/ts-mixer/-/ts-mixer-6.0.4.tgz 0ms (cache hit)
189 http cache fast-deep-equal@https://registry.npmjs.org/fast-deep-equal/-/fast-deep-equal-3.1.3.tgz 1ms (cache hit)
190 http cache undici@https://registry.npmjs.org/undici/-/undici-6.24.1.tgz 1ms (cache hit)
191 http cache @sapphire/snowflake@https://registry.npmjs.org/@sapphire/snowflake/-/snowflake-3.5.3.tgz 0ms (cache hit)
192 http cache @discordjs/util@https://registry.npmjs.org/@discordjs/util/-/util-1.2.0.tgz 0ms (cache hit)
193 http cache discord-api-types@https://registry.npmjs.org/discord-api-types/-/discord-api-types-0.38.49.tgz 1ms (cache hit)
194 http cache @discordjs/rest@https://registry.npmjs.org/@discordjs/rest/-/rest-2.6.1.tgz 1ms (cache hit)
195 http cache @discordjs/collection@https://registry.npmjs.org/@discordjs/collection/-/collection-1.5.3.tgz 0ms (cache hit)
196 http cache undici-types@https://registry.npmjs.org/undici-types/-/undici-types-8.3.0.tgz 0ms (cache hit)
197 http cache @discordjs/ws@https://registry.npmjs.org/@discordjs/ws/-/ws-1.2.3.tgz 0ms (cache hit)
198 http cache @discordjs/builders@https://registry.npmjs.org/@discordjs/builders/-/builders-1.14.1.tgz 0ms (cache hit)
199 http cache discord.js@https://registry.npmjs.org/discord.js/-/discord.js-14.26.4.tgz 0ms (cache hit)
200 http cache @discordjs/formatters@https://registry.npmjs.org/@discordjs/formatters/-/formatters-0.6.2.tgz 0ms (cache hit)
201 http cache @sapphire/snowflake@https://registry.npmjs.org/@sapphire/snowflake/-/snowflake-3.5.5.tgz 0ms (cache hit)
202 http cache @discordjs/collection@https://registry.npmjs.org/@discordjs/collection/-/collection-2.1.1.tgz 0ms (cache hit)
203 http cache @discordjs/collection@https://registry.npmjs.org/@discordjs/collection/-/collection-2.1.1.tgz 0ms (cache hit)
204 http fetch POST 200 https://registry.npmjs.org/-/npm/v1/security/advisories/bulk 530ms
205 silly audit report {
205 silly audit report   undici: [
205 silly audit report     {
205 silly audit report       id: 1121242,
205 silly audit report       url: 'https://github.com/advisories/GHSA-p88m-4jfj-68fv',
205 silly audit report       title: 'undici vulnerable to HTTP header injection via Set-Cookie percent-decoding',
205 silly audit report       severity: 'moderate',
205 silly audit report       vulnerable_versions: '<6.27.0',
205 silly audit report       cwe: [Array],
205 silly audit report       cvss: [Object]
205 silly audit report     },
205 silly audit report     {
205 silly audit report       id: 1121245,
205 silly audit report       url: 'https://github.com/advisories/GHSA-vxpw-j846-p89q',
205 silly audit report       title: 'undici WebSocket client vulnerable to denial of service via fragment count bypass',
205 silly audit report       severity: 'high',
205 silly audit report       vulnerable_versions: '<6.27.0',
205 silly audit report       cwe: [Array],
205 silly audit report       cvss: [Object]
205 silly audit report     },
205 silly audit report     {
205 silly audit report       id: 1121250,
205 silly audit report       url: 'https://github.com/advisories/GHSA-35p6-xmwp-9g52',
205 silly audit report       title: 'undici vulnerable to HTTP response queue poisoning via keep-alive socket reuse',
205 silly audit report       severity: 'low',
205 silly audit report       vulnerable_versions: '<6.27.0',
205 silly audit report       cwe: [Array],
205 silly audit report       cvss: [Object]
205 silly audit report     },
205 silly audit report     {
205 silly audit report       id: 1121255,
205 silly audit report       url: 'https://github.com/advisories/GHSA-g8m3-5g58-fq7m',
205 silly audit report       title: 'undici vulnerable to Set-Cookie SameSite attribute downgrade via permissive substring matching',
205 silly audit report       severity: 'low',
205 silly audit report       vulnerable_versions: '<6.27.0',
205 silly audit report       cwe: [Array],
205 silly audit report       cvss: [Object]
205 silly audit report     }
205 silly audit report   ]
205 silly audit report }
206 silly packumentCache corgi:https://registry.npmjs.org/undici cache-miss
207 http fetch GET 200 https://registry.npmjs.org/undici 480ms (cache revalidated)
208 silly packumentCache corgi:https://registry.npmjs.org/undici set size:446386 disposed:false
209 silly packumentCache corgi:https://registry.npmjs.org/discord.js cache-miss
210 silly packumentCache corgi:https://registry.npmjs.org/@discordjs%2frest cache-miss
211 http fetch GET 200 https://registry.npmjs.org/discord.js 478ms (cache revalidated)
212 silly packumentCache corgi:https://registry.npmjs.org/discord.js set size:4056287 disposed:false
213 http fetch GET 200 https://registry.npmjs.org/@discordjs%2frest 744ms (cache revalidated)
214 silly packumentCache corgi:https://registry.npmjs.org/@discordjs%2frest set size:2915276 disposed:false
215 silly packumentCache corgi:https://registry.npmjs.org/@discordjs%2fws cache-miss
216 http fetch GET 200 https://registry.npmjs.org/@discordjs%2fws 781ms (cache revalidated)
217 silly packumentCache corgi:https://registry.npmjs.org/@discordjs%2fws set size:2727937 disposed:false
218 silly ADD node_modules/undici-types
219 silly ADD node_modules/@types/node
220 silly ADD node_modules/lodash
221 silly ADD node_modules/ws
222 silly ADD node_modules/@types/ws
223 silly ADD node_modules/@vladfrangu/async_event_emitter
224 silly ADD node_modules/@sapphire/async-queue
225 silly ADD node_modules/ts-mixer
226 silly ADD node_modules/@sapphire/shapeshift
227 silly ADD node_modules/undici
228 silly ADD node_modules/tslib
229 silly ADD node_modules/magic-bytes.js
230 silly ADD node_modules/lodash.snakecase
231 silly ADD node_modules/fast-deep-equal
232 silly ADD node_modules/discord-api-types
233 silly ADD node_modules/@sapphire/snowflake
234 silly ADD node_modules/@discordjs/ws
235 silly ADD node_modules/@discordjs/ws/node_modules/@discordjs/collection
236 silly ADD node_modules/@discordjs/util
237 silly ADD node_modules/@discordjs/rest
238 silly ADD node_modules/@discordjs/rest/node_modules/@sapphire/snowflake
239 silly ADD node_modules/@discordjs/rest/node_modules/@discordjs/collection
240 silly ADD node_modules/@discordjs/formatters
241 silly ADD node_modules/@discordjs/collection
242 silly ADD node_modules/@discordjs/builders
243 silly ADD node_modules/discord.js
244 verbose cwd /data/data/com.termux/files/home
245 verbose os Linux 5.15.178-android13-8-g118aadbdd69d
246 verbose node v24.17.0
247 verbose npm  v11.17.0
248 verbose exit 0
249 info ok
